{"/Users/decagon/Desktop/untitled folder 2/car-dealership-api/src/app.ts": {"path":"/Users/decagon/Desktop/untitled folder 2/car-dealership-api/src/app.ts","statementMap":{"0":{"start":{"line":1,"column":0},"end":{"line":1,"column":30}},"1":{"start":{"line":2,"column":0},"end":{"line":2,"column":24}},"2":{"start":{"line":3,"column":0},"end":{"line":3,"column":28}},"3":{"start":{"line":4,"column":0},"end":{"line":4,"column":43}},"4":{"start":{"line":6,"column":0},"end":{"line":6,"column":46}},"5":{"start":{"line":7,"column":0},"end":{"line":7,"column":44}},"6":{"start":{"line":8,"column":0},"end":{"line":8,"column":54}},"7":{"start":{"line":9,"column":0},"end":{"line":9,"column":54}},"8":{"start":{"line":10,"column":0},"end":{"line":10,"column":52}},"9":{"start":{"line":11,"column":0},"end":{"line":11,"column":57}},"10":{"start":{"line":13,"column":12},"end":{"line":13,"column":21}},"11":{"start":{"line":15,"column":0},"end":{"line":15,"column":18}},"12":{"start":{"line":16,"column":0},"end":{"line":16,"column":16}},"13":{"start":{"line":17,"column":0},"end":{"line":22,"column":2}},"14":{"start":{"line":24,"column":0},"end":{"line":24,"column":41}},"15":{"start":{"line":25,"column":0},"end":{"line":25,"column":48}},"16":{"start":{"line":27,"column":0},"end":{"line":27,"column":33}},"17":{"start":{"line":28,"column":0},"end":{"line":28,"column":32}},"18":{"start":{"line":29,"column":0},"end":{"line":29,"column":43}},"19":{"start":{"line":30,"column":0},"end":{"line":30,"column":42}},"20":{"start":{"line":31,"column":0},"end":{"line":31,"column":40}},"21":{"start":{"line":33,"column":0},"end":{"line":35,"column":3}},"22":{"start":{"line":34,"column":2},"end":{"line":34,"column":78}},"23":{"start":{"line":37,"column":0},"end":{"line":37,"column":22}},"24":{"start":{"line":39,"column":0},"end":{"line":39,"column":19}}},"fnMap":{"0":{"name":"(anonymous_1)","decl":{"start":{"line":33,"column":19},"end":{"line":33,"column":20}},"loc":{"start":{"line":33,"column":32},"end":{"line":35,"column":1}}}},"branchMap":{},"s":{"0":4,"1":4,"2":4,"3":4,"4":4,"5":4,"6":4,"7":4,"8":4,"9":4,"10":4,"11":4,"12":4,"13":4,"14":4,"15":4,"16":4,"17":4,"18":4,"19":4,"20":4,"21":4,"22":0,"23":4,"24":4},"f":{"0":0},"b":{}}
,"/Users/decagon/Desktop/untitled folder 2/car-dealership-api/src/testServer.ts": {"path":"/Users/decagon/Desktop/untitled folder 2/car-dealership-api/src/testServer.ts","statementMap":{"0":{"start":{"line":2,"column":0},"end":{"line":2,"column":32}},"1":{"start":{"line":3,"column":0},"end":{"line":3,"column":24}},"2":{"start":{"line":5,"column":28},"end":{"line":5,"column":32}},"3":{"start":{"line":7,"column":31},"end":{"line":38,"column":1}},"4":{"start":{"line":10,"column":2},"end":{"line":37,"column":5}},"5":{"start":{"line":11,"column":4},"end":{"line":13,"column":5}},"6":{"start":{"line":12,"column":6},"end":{"line":12,"column":21}},"7":{"start":{"line":15,"column":4},"end":{"line":21,"column":7}},"8":{"start":{"line":16,"column":22},"end":{"line":16,"column":39}},"9":{"start":{"line":18,"column":8},"end":{"line":18,"column":68}},"10":{"start":{"line":19,"column":6},"end":{"line":19,"column":63}},"11":{"start":{"line":20,"column":6},"end":{"line":20,"column":53}},"12":{"start":{"line":23,"column":4},"end":{"line":36,"column":7}},"13":{"start":{"line":24,"column":6},"end":{"line":35,"column":7}},"14":{"start":{"line":25,"column":8},"end":{"line":25,"column":66}},"15":{"start":{"line":26,"column":8},"end":{"line":32,"column":11}},"16":{"start":{"line":27,"column":26},"end":{"line":27,"column":43}},"17":{"start":{"line":29,"column":12},"end":{"line":29,"column":69}},"18":{"start":{"line":30,"column":10},"end":{"line":30,"column":67}},"19":{"start":{"line":31,"column":10},"end":{"line":31,"column":57}},"20":{"start":{"line":34,"column":8},"end":{"line":34,"column":22}},"21":{"start":{"line":7,"column":13},"end":{"line":7,"column":31}},"22":{"start":{"line":40,"column":30},"end":{"line":64,"column":1}},"23":{"start":{"line":42,"column":2},"end":{"line":53,"column":3}},"24":{"start":{"line":43,"column":4},"end":{"line":52,"column":7}},"25":{"start":{"line":44,"column":6},"end":{"line":51,"column":9}},"26":{"start":{"line":45,"column":8},"end":{"line":47,"column":9}},"27":{"start":{"line":46,"column":10},"end":{"line":46,"column":54}},"28":{"start":{"line":48,"column":8},"end":{"line":48,"column":22}},"29":{"start":{"line":49,"column":8},"end":{"line":49,"column":43}},"30":{"start":{"line":50,"column":8},"end":{"line":50,"column":18}},"31":{"start":{"line":56,"column":2},"end":{"line":63,"column":3}},"32":{"start":{"line":57,"column":4},"end":{"line":60,"column":5}},"33":{"start":{"line":58,"column":6},"end":{"line":58,"column":40}},"34":{"start":{"line":59,"column":6},"end":{"line":59,"column":47}},"35":{"start":{"line":62,"column":4},"end":{"line":62,"column":60}},"36":{"start":{"line":40,"column":13},"end":{"line":40,"column":30}}},"fnMap":{"0":{"name":"(anonymous_1)","decl":{"start":{"line":7,"column":31},"end":{"line":7,"column":36}},"loc":{"start":{"line":9,"column":47},"end":{"line":38,"column":1}}},"1":{"name":"(anonymous_2)","decl":{"start":{"line":10,"column":21},"end":{"line":10,"column":22}},"loc":{"start":{"line":10,"column":41},"end":{"line":37,"column":3}}},"2":{"name":"(anonymous_3)","decl":{"start":{"line":15,"column":30},"end":{"line":15,"column":33}},"loc":{"start":{"line":15,"column":35},"end":{"line":21,"column":5}}},"3":{"name":"(anonymous_4)","decl":{"start":{"line":23,"column":23},"end":{"line":23,"column":24}},"loc":{"start":{"line":23,"column":38},"end":{"line":36,"column":5}}},"4":{"name":"(anonymous_5)","decl":{"start":{"line":26,"column":31},"end":{"line":26,"column":34}},"loc":{"start":{"line":26,"column":36},"end":{"line":32,"column":9}}},"5":{"name":"(anonymous_6)","decl":{"start":{"line":40,"column":30},"end":{"line":40,"column":35}},"loc":{"start":{"line":40,"column":56},"end":{"line":64,"column":1}}},"6":{"name":"(anonymous_7)","decl":{"start":{"line":43,"column":28},"end":{"line":43,"column":29}},"loc":{"start":{"line":43,"column":40},"end":{"line":52,"column":5}}},"7":{"name":"(anonymous_8)","decl":{"start":{"line":44,"column":20},"end":{"line":44,"column":21}},"loc":{"start":{"line":44,"column":28},"end":{"line":51,"column":7}}}},"branchMap":{"0":{"loc":{"start":{"line":8,"column":2},"end":{"line":8,"column":18}},"type":"default-arg","locations":[{"start":{"line":8,"column":17},"end":{"line":8,"column":18}}]},"1":{"loc":{"start":{"line":11,"column":4},"end":{"line":13,"column":5}},"type":"if","locations":[{"start":{"line":11,"column":4},"end":{"line":13,"column":5}}]},"2":{"loc":{"start":{"line":18,"column":8},"end":{"line":18,"column":68}},"type":"cond-expr","locations":[{"start":{"line":18,"column":49},"end":{"line":18,"column":61}},{"start":{"line":18,"column":64},"end":{"line":18,"column":68}}]},"3":{"loc":{"start":{"line":18,"column":8},"end":{"line":18,"column":46}},"type":"binary-expr","locations":[{"start":{"line":18,"column":8},"end":{"line":18,"column":35}},{"start":{"line":18,"column":39},"end":{"line":18,"column":46}}]},"4":{"loc":{"start":{"line":24,"column":6},"end":{"line":35,"column":7}},"type":"if","locations":[{"start":{"line":24,"column":6},"end":{"line":35,"column":7}},{"start":{"line":33,"column":13},"end":{"line":35,"column":7}}]},"5":{"loc":{"start":{"line":29,"column":12},"end":{"line":29,"column":69}},"type":"cond-expr","locations":[{"start":{"line":29,"column":53},"end":{"line":29,"column":65}},{"start":{"line":29,"column":68},"end":{"line":29,"column":69}}]},"6":{"loc":{"start":{"line":29,"column":12},"end":{"line":29,"column":50}},"type":"binary-expr","locations":[{"start":{"line":29,"column":12},"end":{"line":29,"column":39}},{"start":{"line":29,"column":43},"end":{"line":29,"column":50}}]},"7":{"loc":{"start":{"line":42,"column":2},"end":{"line":53,"column":3}},"type":"if","locations":[{"start":{"line":42,"column":2},"end":{"line":53,"column":3}}]},"8":{"loc":{"start":{"line":45,"column":8},"end":{"line":47,"column":9}},"type":"if","locations":[{"start":{"line":45,"column":8},"end":{"line":47,"column":9}}]},"9":{"loc":{"start":{"line":57,"column":4},"end":{"line":60,"column":5}},"type":"if","locations":[{"start":{"line":57,"column":4},"end":{"line":60,"column":5}}]}},"s":{"0":4,"1":4,"2":4,"3":4,"4":4,"5":4,"6":0,"7":4,"8":4,"9":4,"10":4,"11":4,"12":4,"13":0,"14":0,"15":0,"16":0,"17":0,"18":0,"19":0,"20":0,"21":4,"22":4,"23":4,"24":4,"25":4,"26":4,"27":0,"28":4,"29":4,"30":4,"31":4,"32":4,"33":4,"34":4,"35":0,"36":4},"f":{"0":4,"1":4,"2":4,"3":0,"4":0,"5":4,"6":4,"7":4},"b":{"0":[4],"1":[0],"2":[4,0],"3":[4,4],"4":[0,0],"5":[0,0],"6":[0,0],"7":[4],"8":[0],"9":[4]}}
,"/Users/decagon/Desktop/untitled folder 2/car-dealership-api/src/controllers/authController.ts": {"path":"/Users/decagon/Desktop/untitled folder 2/car-dealership-api/src/controllers/authController.ts","statementMap":{"0":{"start":{"line":2,"column":0},"end":{"line":2,"column":31}},"1":{"start":{"line":3,"column":0},"end":{"line":3,"column":40}},"2":{"start":{"line":4,"column":0},"end":{"line":4,"column":48}},"3":{"start":{"line":5,"column":0},"end":{"line":5,"column":46}},"4":{"start":{"line":6,"column":0},"end":{"line":6,"column":57}},"5":{"start":{"line":11,"column":4},"end":{"line":82,"column":5}},"6":{"start":{"line":19,"column":10},"end":{"line":19,"column":18}},"7":{"start":{"line":21,"column":27},"end":{"line":21,"column":56}},"8":{"start":{"line":22,"column":6},"end":{"line":24,"column":7}},"9":{"start":{"line":23,"column":8},"end":{"line":23,"column":70}},"10":{"start":{"line":26,"column":19},"end":{"line":33,"column":8}},"11":{"start":{"line":35,"column":6},"end":{"line":35,"column":24}},"12":{"start":{"line":37,"column":6},"end":{"line":62,"column":7}},"13":{"start":{"line":38,"column":25},"end":{"line":50,"column":10}},"14":{"start":{"line":51,"column":8},"end":{"line":51,"column":30}},"15":{"start":{"line":52,"column":13},"end":{"line":62,"column":7}},"16":{"start":{"line":53,"column":24},"end":{"line":60,"column":10}},"17":{"start":{"line":61,"column":8},"end":{"line":61,"column":29}},"18":{"start":{"line":64,"column":20},"end":{"line":66,"column":8}},"19":{"start":{"line":68,"column":6},"end":{"line":79,"column":9}},"20":{"start":{"line":81,"column":6},"end":{"line":81,"column":18}},"21":{"start":{"line":86,"column":4},"end":{"line":121,"column":5}},"22":{"start":{"line":87,"column":34},"end":{"line":87,"column":42}},"23":{"start":{"line":89,"column":6},"end":{"line":91,"column":7}},"24":{"start":{"line":90,"column":8},"end":{"line":90,"column":66}},"25":{"start":{"line":93,"column":19},"end":{"line":93,"column":68}},"26":{"start":{"line":94,"column":6},"end":{"line":96,"column":7}},"27":{"start":{"line":95,"column":8},"end":{"line":95,"column":54}},"28":{"start":{"line":98,"column":30},"end":{"line":98,"column":66}},"29":{"start":{"line":99,"column":6},"end":{"line":101,"column":7}},"30":{"start":{"line":100,"column":8},"end":{"line":100,"column":54}},"31":{"start":{"line":103,"column":20},"end":{"line":105,"column":8}},"32":{"start":{"line":107,"column":6},"end":{"line":118,"column":9}},"33":{"start":{"line":120,"column":6},"end":{"line":120,"column":18}},"34":{"start":{"line":125,"column":4},"end":{"line":146,"column":5}},"35":{"start":{"line":126,"column":20},"end":{"line":126,"column":24}},"36":{"start":{"line":128,"column":6},"end":{"line":137,"column":7}},"37":{"start":{"line":129,"column":8},"end":{"line":131,"column":65}},"38":{"start":{"line":132,"column":13},"end":{"line":137,"column":7}},"39":{"start":{"line":133,"column":8},"end":{"line":136,"column":10}},"40":{"start":{"line":139,"column":6},"end":{"line":143,"column":9}},"41":{"start":{"line":145,"column":6},"end":{"line":145,"column":18}},"42":{"start":{"line":154,"column":4},"end":{"line":220,"column":5}},"43":{"start":{"line":165,"column":10},"end":{"line":165,"column":18}},"44":{"start":{"line":167,"column":34},"end":{"line":167,"column":36}},"45":{"start":{"line":168,"column":6},"end":{"line":168,"column":72}},"46":{"start":{"line":168,"column":35},"end":{"line":168,"column":72}},"47":{"start":{"line":169,"column":6},"end":{"line":169,"column":69}},"48":{"start":{"line":169,"column":34},"end":{"line":169,"column":69}},"49":{"start":{"line":170,"column":6},"end":{"line":170,"column":60}},"50":{"start":{"line":170,"column":31},"end":{"line":170,"column":60}},"51":{"start":{"line":172,"column":24},"end":{"line":172,"column":28}},"52":{"start":{"line":173,"column":6},"end":{"line":179,"column":7}},"53":{"start":{"line":174,"column":8},"end":{"line":178,"column":10}},"54":{"start":{"line":181,"column":27},"end":{"line":181,"column":31}},"55":{"start":{"line":182,"column":6},"end":{"line":211,"column":7}},"56":{"start":{"line":183,"column":40},"end":{"line":183,"column":42}},"57":{"start":{"line":184,"column":8},"end":{"line":184,"column":72}},"58":{"start":{"line":184,"column":35},"end":{"line":184,"column":72}},"59":{"start":{"line":185,"column":8},"end":{"line":186,"column":63}},"60":{"start":{"line":186,"column":10},"end":{"line":186,"column":63}},"61":{"start":{"line":187,"column":8},"end":{"line":188,"column":61}},"62":{"start":{"line":188,"column":10},"end":{"line":188,"column":61}},"63":{"start":{"line":190,"column":8},"end":{"line":196,"column":9}},"64":{"start":{"line":191,"column":10},"end":{"line":195,"column":42}},"65":{"start":{"line":197,"column":13},"end":{"line":211,"column":7}},"66":{"start":{"line":198,"column":39},"end":{"line":198,"column":41}},"67":{"start":{"line":199,"column":8},"end":{"line":199,"column":80}},"68":{"start":{"line":199,"column":38},"end":{"line":199,"column":80}},"69":{"start":{"line":200,"column":8},"end":{"line":200,"column":68}},"70":{"start":{"line":200,"column":34},"end":{"line":200,"column":68}},"71":{"start":{"line":201,"column":8},"end":{"line":202,"column":54}},"72":{"start":{"line":202,"column":10},"end":{"line":202,"column":54}},"73":{"start":{"line":204,"column":8},"end":{"line":210,"column":9}},"74":{"start":{"line":205,"column":10},"end":{"line":209,"column":42}},"75":{"start":{"line":213,"column":6},"end":{"line":217,"column":9}},"76":{"start":{"line":219,"column":6},"end":{"line":219,"column":18}},"77":{"start":{"line":224,"column":4},"end":{"line":310,"column":5}},"78":{"start":{"line":225,"column":54},"end":{"line":225,"column":62}},"79":{"start":{"line":227,"column":6},"end":{"line":229,"column":7}},"80":{"start":{"line":228,"column":8},"end":{"line":228,"column":57}},"81":{"start":{"line":231,"column":19},"end":{"line":231,"column":72}},"82":{"start":{"line":232,"column":6},"end":{"line":234,"column":7}},"83":{"start":{"line":233,"column":8},"end":{"line":233,"column":49}},"84":{"start":{"line":236,"column":30},"end":{"line":236,"column":32}},"85":{"start":{"line":238,"column":6},"end":{"line":244,"column":7}},"86":{"start":{"line":239,"column":29},"end":{"line":239,"column":58}},"87":{"start":{"line":240,"column":8},"end":{"line":242,"column":9}},"88":{"start":{"line":241,"column":10},"end":{"line":241,"column":57}},"89":{"start":{"line":243,"column":8},"end":{"line":243,"column":33}},"90":{"start":{"line":246,"column":6},"end":{"line":257,"column":7}},"91":{"start":{"line":247,"column":8},"end":{"line":249,"column":9}},"92":{"start":{"line":248,"column":10},"end":{"line":248,"column":84}},"93":{"start":{"line":251,"column":39},"end":{"line":251,"column":82}},"94":{"start":{"line":252,"column":8},"end":{"line":254,"column":9}},"95":{"start":{"line":253,"column":10},"end":{"line":253,"column":66}},"96":{"start":{"line":256,"column":8},"end":{"line":256,"column":42}},"97":{"start":{"line":259,"column":6},"end":{"line":271,"column":7}},"98":{"start":{"line":260,"column":8},"end":{"line":270,"column":11}},"99":{"start":{"line":273,"column":26},"end":{"line":276,"column":null}},"100":{"start":{"line":279,"column":6},"end":{"line":281,"column":7}},"101":{"start":{"line":280,"column":8},"end":{"line":280,"column":59}},"102":{"start":{"line":284,"column":6},"end":{"line":288,"column":7}},"103":{"start":{"line":285,"column":8},"end":{"line":287,"column":11}},"104":{"start":{"line":290,"column":28},"end":{"line":300,"column":8}},"105":{"start":{"line":302,"column":6},"end":{"line":305,"column":7}},"106":{"start":{"line":303,"column":8},"end":{"line":303,"column":31}},"107":{"start":{"line":304,"column":8},"end":{"line":304,"column":85}},"108":{"start":{"line":307,"column":6},"end":{"line":307,"column":25}},"109":{"start":{"line":309,"column":6},"end":{"line":309,"column":18}},"110":{"start":{"line":9,"column":0},"end":{"line":9,"column":13}}},"fnMap":{"0":{"name":"(anonymous_1)","decl":{"start":{"line":10,"column":2},"end":{"line":10,"column":8}},"loc":{"start":{"line":10,"column":71},"end":{"line":83,"column":3}}},"1":{"name":"(anonymous_2)","decl":{"start":{"line":85,"column":2},"end":{"line":85,"column":8}},"loc":{"start":{"line":85,"column":68},"end":{"line":122,"column":3}}},"2":{"name":"(anonymous_3)","decl":{"start":{"line":124,"column":2},"end":{"line":124,"column":8}},"loc":{"start":{"line":124,"column":77},"end":{"line":147,"column":3}}},"3":{"name":"(anonymous_4)","decl":{"start":{"line":149,"column":2},"end":{"line":149,"column":8}},"loc":{"start":{"line":152,"column":22},"end":{"line":221,"column":3}}},"4":{"name":"(anonymous_5)","decl":{"start":{"line":223,"column":2},"end":{"line":223,"column":8}},"loc":{"start":{"line":223,"column":80},"end":{"line":311,"column":3}}}},"branchMap":{"0":{"loc":{"start":{"line":18,"column":8},"end":{"line":18,"column":25}},"type":"default-arg","locations":[{"start":{"line":18,"column":15},"end":{"line":18,"column":25}}]},"1":{"loc":{"start":{"line":22,"column":6},"end":{"line":24,"column":7}},"type":"if","locations":[{"start":{"line":22,"column":6},"end":{"line":24,"column":7}}]},"2":{"loc":{"start":{"line":37,"column":6},"end":{"line":62,"column":7}},"type":"if","locations":[{"start":{"line":37,"column":6},"end":{"line":62,"column":7}},{"start":{"line":52,"column":13},"end":{"line":62,"column":7}}]},"3":{"loc":{"start":{"line":52,"column":13},"end":{"line":62,"column":7}},"type":"if","locations":[{"start":{"line":52,"column":13},"end":{"line":62,"column":7}}]},"4":{"loc":{"start":{"line":89,"column":6},"end":{"line":91,"column":7}},"type":"if","locations":[{"start":{"line":89,"column":6},"end":{"line":91,"column":7}}]},"5":{"loc":{"start":{"line":89,"column":10},"end":{"line":89,"column":29}},"type":"binary-expr","locations":[{"start":{"line":89,"column":10},"end":{"line":89,"column":16}},{"start":{"line":89,"column":20},"end":{"line":89,"column":29}}]},"6":{"loc":{"start":{"line":94,"column":6},"end":{"line":96,"column":7}},"type":"if","locations":[{"start":{"line":94,"column":6},"end":{"line":96,"column":7}}]},"7":{"loc":{"start":{"line":99,"column":6},"end":{"line":101,"column":7}},"type":"if","locations":[{"start":{"line":99,"column":6},"end":{"line":101,"column":7}}]},"8":{"loc":{"start":{"line":128,"column":6},"end":{"line":137,"column":7}},"type":"if","locations":[{"start":{"line":128,"column":6},"end":{"line":137,"column":7}},{"start":{"line":132,"column":13},"end":{"line":137,"column":7}}]},"9":{"loc":{"start":{"line":132,"column":13},"end":{"line":137,"column":7}},"type":"if","locations":[{"start":{"line":132,"column":13},"end":{"line":137,"column":7}}]},"10":{"loc":{"start":{"line":142,"column":14},"end":{"line":142,"column":33}},"type":"binary-expr","locations":[{"start":{"line":142,"column":14},"end":{"line":142,"column":21}},{"start":{"line":142,"column":25},"end":{"line":142,"column":33}}]},"11":{"loc":{"start":{"line":168,"column":6},"end":{"line":168,"column":72}},"type":"if","locations":[{"start":{"line":168,"column":6},"end":{"line":168,"column":72}}]},"12":{"loc":{"start":{"line":169,"column":6},"end":{"line":169,"column":69}},"type":"if","locations":[{"start":{"line":169,"column":6},"end":{"line":169,"column":69}}]},"13":{"loc":{"start":{"line":170,"column":6},"end":{"line":170,"column":60}},"type":"if","locations":[{"start":{"line":170,"column":6},"end":{"line":170,"column":60}}]},"14":{"loc":{"start":{"line":173,"column":6},"end":{"line":179,"column":7}},"type":"if","locations":[{"start":{"line":173,"column":6},"end":{"line":179,"column":7}}]},"15":{"loc":{"start":{"line":182,"column":6},"end":{"line":211,"column":7}},"type":"if","locations":[{"start":{"line":182,"column":6},"end":{"line":211,"column":7}},{"start":{"line":197,"column":13},"end":{"line":211,"column":7}}]},"16":{"loc":{"start":{"line":184,"column":8},"end":{"line":184,"column":72}},"type":"if","locations":[{"start":{"line":184,"column":8},"end":{"line":184,"column":72}}]},"17":{"loc":{"start":{"line":185,"column":8},"end":{"line":186,"column":63}},"type":"if","locations":[{"start":{"line":185,"column":8},"end":{"line":186,"column":63}}]},"18":{"loc":{"start":{"line":187,"column":8},"end":{"line":188,"column":61}},"type":"if","locations":[{"start":{"line":187,"column":8},"end":{"line":188,"column":61}}]},"19":{"loc":{"start":{"line":190,"column":8},"end":{"line":196,"column":9}},"type":"if","locations":[{"start":{"line":190,"column":8},"end":{"line":196,"column":9}}]},"20":{"loc":{"start":{"line":197,"column":13},"end":{"line":211,"column":7}},"type":"if","locations":[{"start":{"line":197,"column":13},"end":{"line":211,"column":7}}]},"21":{"loc":{"start":{"line":199,"column":8},"end":{"line":199,"column":80}},"type":"if","locations":[{"start":{"line":199,"column":8},"end":{"line":199,"column":80}}]},"22":{"loc":{"start":{"line":200,"column":8},"end":{"line":200,"column":68}},"type":"if","locations":[{"start":{"line":200,"column":8},"end":{"line":200,"column":68}}]},"23":{"loc":{"start":{"line":201,"column":8},"end":{"line":202,"column":54}},"type":"if","locations":[{"start":{"line":201,"column":8},"end":{"line":202,"column":54}}]},"24":{"loc":{"start":{"line":204,"column":8},"end":{"line":210,"column":9}},"type":"if","locations":[{"start":{"line":204,"column":8},"end":{"line":210,"column":9}}]},"25":{"loc":{"start":{"line":216,"column":14},"end":{"line":216,"column":55}},"type":"binary-expr","locations":[{"start":{"line":216,"column":14},"end":{"line":216,"column":28}},{"start":{"line":216,"column":32},"end":{"line":216,"column":43}},{"start":{"line":216,"column":47},"end":{"line":216,"column":55}}]},"26":{"loc":{"start":{"line":227,"column":6},"end":{"line":229,"column":7}},"type":"if","locations":[{"start":{"line":227,"column":6},"end":{"line":229,"column":7}}]},"27":{"loc":{"start":{"line":232,"column":6},"end":{"line":234,"column":7}},"type":"if","locations":[{"start":{"line":232,"column":6},"end":{"line":234,"column":7}}]},"28":{"loc":{"start":{"line":238,"column":6},"end":{"line":244,"column":7}},"type":"if","locations":[{"start":{"line":238,"column":6},"end":{"line":244,"column":7}}]},"29":{"loc":{"start":{"line":238,"column":10},"end":{"line":238,"column":39}},"type":"binary-expr","locations":[{"start":{"line":238,"column":10},"end":{"line":238,"column":15}},{"start":{"line":238,"column":19},"end":{"line":238,"column":39}}]},"30":{"loc":{"start":{"line":240,"column":8},"end":{"line":242,"column":9}},"type":"if","locations":[{"start":{"line":240,"column":8},"end":{"line":242,"column":9}}]},"31":{"loc":{"start":{"line":246,"column":6},"end":{"line":257,"column":7}},"type":"if","locations":[{"start":{"line":246,"column":6},"end":{"line":257,"column":7}}]},"32":{"loc":{"start":{"line":247,"column":8},"end":{"line":249,"column":9}},"type":"if","locations":[{"start":{"line":247,"column":8},"end":{"line":249,"column":9}}]},"33":{"loc":{"start":{"line":252,"column":8},"end":{"line":254,"column":9}},"type":"if","locations":[{"start":{"line":252,"column":8},"end":{"line":254,"column":9}}]},"34":{"loc":{"start":{"line":259,"column":6},"end":{"line":271,"column":7}},"type":"if","locations":[{"start":{"line":259,"column":6},"end":{"line":271,"column":7}}]},"35":{"loc":{"start":{"line":279,"column":6},"end":{"line":281,"column":7}},"type":"if","locations":[{"start":{"line":279,"column":6},"end":{"line":281,"column":7}}]},"36":{"loc":{"start":{"line":284,"column":6},"end":{"line":288,"column":7}},"type":"if","locations":[{"start":{"line":284,"column":6},"end":{"line":288,"column":7}}]},"37":{"loc":{"start":{"line":302,"column":6},"end":{"line":305,"column":7}},"type":"if","locations":[{"start":{"line":302,"column":6},"end":{"line":305,"column":7}}]}},"s":{"0":4,"1":4,"2":4,"3":4,"4":4,"5":3,"6":3,"7":3,"8":3,"9":1,"10":2,"11":2,"12":2,"13":1,"14":1,"15":1,"16":1,"17":1,"18":2,"19":2,"20":1,"21":3,"22":3,"23":3,"24":0,"25":3,"26":3,"27":1,"28":2,"29":2,"30":1,"31":1,"32":1,"33":2,"34":3,"35":3,"36":3,"37":2,"38":1,"39":1,"40":3,"41":0,"42":0,"43":0,"44":0,"45":0,"46":0,"47":0,"48":0,"49":0,"50":0,"51":0,"52":0,"53":0,"54":0,"55":0,"56":0,"57":0,"58":0,"59":0,"60":0,"61":0,"62":0,"63":0,"64":0,"65":0,"66":0,"67":0,"68":0,"69":0,"70":0,"71":0,"72":0,"73":0,"74":0,"75":0,"76":0,"77":0,"78":0,"79":0,"80":0,"81":0,"82":0,"83":0,"84":0,"85":0,"86":0,"87":0,"88":0,"89":0,"90":0,"91":0,"92":0,"93":0,"94":0,"95":0,"96":0,"97":0,"98":0,"99":0,"100":0,"101":0,"102":0,"103":0,"104":0,"105":0,"106":0,"107":0,"108":0,"109":0,"110":4},"f":{"0":3,"1":3,"2":3,"3":0,"4":0},"b":{"0":[2],"1":[1],"2":[1,1],"3":[1],"4":[0],"5":[3,3],"6":[1],"7":[1],"8":[2,1],"9":[1],"10":[3,0],"11":[0],"12":[0],"13":[0],"14":[0],"15":[0,0],"16":[0],"17":[0],"18":[0],"19":[0],"20":[0],"21":[0],"22":[0],"23":[0],"24":[0],"25":[0,0,0],"26":[0],"27":[0],"28":[0],"29":[0,0],"30":[0],"31":[0],"32":[0],"33":[0],"34":[0],"35":[0],"36":[0],"37":[0]}}
,"/Users/decagon/Desktop/untitled folder 2/car-dealership-api/src/controllers/carController.ts": {"path":"/Users/decagon/Desktop/untitled folder 2/car-dealership-api/src/controllers/carController.ts","statementMap":{"0":{"start":{"line":2,"column":0},"end":{"line":2,"column":52}},"1":{"start":{"line":4,"column":0},"end":{"line":4,"column":57}},"2":{"start":{"line":6,"column":39},"end":{"line":67,"column":1}},"3":{"start":{"line":7,"column":2},"end":{"line":66,"column":3}},"4":{"start":{"line":15,"column":8},"end":{"line":15,"column":17}},"5":{"start":{"line":17,"column":20},"end":{"line":17,"column":57}},"6":{"start":{"line":18,"column":21},"end":{"line":18,"column":73}},"7":{"start":{"line":20,"column":4},"end":{"line":29,"column":5}},"8":{"start":{"line":21,"column":19},"end":{"line":21,"column":74}},"9":{"start":{"line":22,"column":6},"end":{"line":27,"column":9}},"10":{"start":{"line":28,"column":6},"end":{"line":28,"column":13}},"11":{"start":{"line":31,"column":36},"end":{"line":31,"column":38}},"12":{"start":{"line":33,"column":4},"end":{"line":33,"column":66}},"13":{"start":{"line":33,"column":23},"end":{"line":33,"column":66}},"14":{"start":{"line":34,"column":4},"end":{"line":34,"column":66}},"15":{"start":{"line":34,"column":23},"end":{"line":34,"column":66}},"16":{"start":{"line":35,"column":4},"end":{"line":35,"column":87}},"17":{"start":{"line":35,"column":26},"end":{"line":35,"column":87}},"18":{"start":{"line":36,"column":4},"end":{"line":36,"column":87}},"19":{"start":{"line":36,"column":26},"end":{"line":36,"column":87}},"20":{"start":{"line":37,"column":4},"end":{"line":37,"column":82}},"21":{"start":{"line":37,"column":25},"end":{"line":37,"column":82}},"22":{"start":{"line":38,"column":4},"end":{"line":38,"column":82}},"23":{"start":{"line":38,"column":25},"end":{"line":38,"column":82}},"24":{"start":{"line":39,"column":4},"end":{"line":39,"column":91}},"25":{"start":{"line":39,"column":28},"end":{"line":39,"column":91}},"26":{"start":{"line":40,"column":4},"end":{"line":40,"column":91}},"27":{"start":{"line":40,"column":28},"end":{"line":40,"column":91}},"28":{"start":{"line":41,"column":4},"end":{"line":41,"column":66}},"29":{"start":{"line":41,"column":23},"end":{"line":41,"column":66}},"30":{"start":{"line":42,"column":4},"end":{"line":42,"column":75}},"31":{"start":{"line":42,"column":26},"end":{"line":42,"column":75}},"32":{"start":{"line":43,"column":4},"end":{"line":43,"column":87}},"33":{"start":{"line":43,"column":30},"end":{"line":43,"column":87}},"34":{"start":{"line":44,"column":4},"end":{"line":44,"column":75}},"35":{"start":{"line":44,"column":26},"end":{"line":44,"column":75}},"36":{"start":{"line":45,"column":4},"end":{"line":45,"column":75}},"37":{"start":{"line":45,"column":26},"end":{"line":45,"column":75}},"38":{"start":{"line":46,"column":4},"end":{"line":48,"column":5}},"39":{"start":{"line":47,"column":6},"end":{"line":47,"column":62}},"40":{"start":{"line":50,"column":19},"end":{"line":55,"column":null}},"41":{"start":{"line":58,"column":4},"end":{"line":63,"column":7}},"42":{"start":{"line":65,"column":4},"end":{"line":65,"column":16}},"43":{"start":{"line":6,"column":13},"end":{"line":6,"column":39}},"44":{"start":{"line":69,"column":42},"end":{"line":85,"column":1}},"45":{"start":{"line":70,"column":2},"end":{"line":84,"column":3}},"46":{"start":{"line":71,"column":16},"end":{"line":71,"column":58}},"47":{"start":{"line":73,"column":4},"end":{"line":75,"column":5}},"48":{"start":{"line":74,"column":6},"end":{"line":74,"column":46}},"49":{"start":{"line":77,"column":4},"end":{"line":81,"column":7}},"50":{"start":{"line":83,"column":4},"end":{"line":83,"column":16}},"51":{"start":{"line":69,"column":13},"end":{"line":69,"column":42}},"52":{"start":{"line":87,"column":41},"end":{"line":99,"column":1}},"53":{"start":{"line":88,"column":2},"end":{"line":98,"column":3}},"54":{"start":{"line":89,"column":16},"end":{"line":89,"column":52}},"55":{"start":{"line":91,"column":4},"end":{"line":95,"column":7}},"56":{"start":{"line":97,"column":4},"end":{"line":97,"column":16}},"57":{"start":{"line":87,"column":13},"end":{"line":87,"column":41}},"58":{"start":{"line":101,"column":41},"end":{"line":117,"column":1}},"59":{"start":{"line":102,"column":2},"end":{"line":116,"column":3}},"60":{"start":{"line":103,"column":16},"end":{"line":103,"column":67}},"61":{"start":{"line":105,"column":4},"end":{"line":107,"column":5}},"62":{"start":{"line":106,"column":6},"end":{"line":106,"column":46}},"63":{"start":{"line":109,"column":4},"end":{"line":113,"column":7}},"64":{"start":{"line":115,"column":4},"end":{"line":115,"column":16}},"65":{"start":{"line":101,"column":13},"end":{"line":101,"column":41}},"66":{"start":{"line":119,"column":41},"end":{"line":134,"column":1}},"67":{"start":{"line":120,"column":2},"end":{"line":133,"column":3}},"68":{"start":{"line":121,"column":16},"end":{"line":121,"column":57}},"69":{"start":{"line":123,"column":4},"end":{"line":125,"column":5}},"70":{"start":{"line":124,"column":6},"end":{"line":124,"column":46}},"71":{"start":{"line":127,"column":4},"end":{"line":130,"column":7}},"72":{"start":{"line":132,"column":4},"end":{"line":132,"column":16}},"73":{"start":{"line":119,"column":13},"end":{"line":119,"column":41}},"74":{"start":{"line":136,"column":43},"end":{"line":148,"column":1}},"75":{"start":{"line":137,"column":2},"end":{"line":147,"column":3}},"76":{"start":{"line":138,"column":18},"end":{"line":138,"column":48}},"77":{"start":{"line":140,"column":4},"end":{"line":144,"column":7}},"78":{"start":{"line":146,"column":4},"end":{"line":146,"column":16}},"79":{"start":{"line":136,"column":13},"end":{"line":136,"column":43}}},"fnMap":{"0":{"name":"(anonymous_0)","decl":{"start":{"line":6,"column":39},"end":{"line":6,"column":44}},"loc":{"start":{"line":6,"column":112},"end":{"line":67,"column":1}}},"1":{"name":"(anonymous_1)","decl":{"start":{"line":69,"column":42},"end":{"line":69,"column":47}},"loc":{"start":{"line":69,"column":115},"end":{"line":85,"column":1}}},"2":{"name":"(anonymous_2)","decl":{"start":{"line":87,"column":41},"end":{"line":87,"column":46}},"loc":{"start":{"line":87,"column":114},"end":{"line":99,"column":1}}},"3":{"name":"(anonymous_3)","decl":{"start":{"line":101,"column":41},"end":{"line":101,"column":46}},"loc":{"start":{"line":101,"column":114},"end":{"line":117,"column":1}}},"4":{"name":"(anonymous_4)","decl":{"start":{"line":119,"column":41},"end":{"line":119,"column":46}},"loc":{"start":{"line":119,"column":114},"end":{"line":134,"column":1}}},"5":{"name":"(anonymous_5)","decl":{"start":{"line":136,"column":43},"end":{"line":136,"column":48}},"loc":{"start":{"line":136,"column":116},"end":{"line":148,"column":1}}}},"branchMap":{"0":{"loc":{"start":{"line":9,"column":6},"end":{"line":9,"column":14}},"type":"default-arg","locations":[{"start":{"line":9,"column":13},"end":{"line":9,"column":14}}]},"1":{"loc":{"start":{"line":10,"column":6},"end":{"line":10,"column":16}},"type":"default-arg","locations":[{"start":{"line":10,"column":14},"end":{"line":10,"column":16}}]},"2":{"loc":{"start":{"line":11,"column":6},"end":{"line":11,"column":26}},"type":"default-arg","locations":[{"start":{"line":11,"column":15},"end":{"line":11,"column":26}}]},"3":{"loc":{"start":{"line":12,"column":6},"end":{"line":12,"column":24}},"type":"default-arg","locations":[{"start":{"line":12,"column":18},"end":{"line":12,"column":24}}]},"4":{"loc":{"start":{"line":20,"column":4},"end":{"line":29,"column":5}},"type":"if","locations":[{"start":{"line":20,"column":4},"end":{"line":29,"column":5}}]},"5":{"loc":{"start":{"line":33,"column":4},"end":{"line":33,"column":66}},"type":"if","locations":[{"start":{"line":33,"column":4},"end":{"line":33,"column":66}}]},"6":{"loc":{"start":{"line":34,"column":4},"end":{"line":34,"column":66}},"type":"if","locations":[{"start":{"line":34,"column":4},"end":{"line":34,"column":66}}]},"7":{"loc":{"start":{"line":35,"column":4},"end":{"line":35,"column":87}},"type":"if","locations":[{"start":{"line":35,"column":4},"end":{"line":35,"column":87}}]},"8":{"loc":{"start":{"line":36,"column":4},"end":{"line":36,"column":87}},"type":"if","locations":[{"start":{"line":36,"column":4},"end":{"line":36,"column":87}}]},"9":{"loc":{"start":{"line":37,"column":4},"end":{"line":37,"column":82}},"type":"if","locations":[{"start":{"line":37,"column":4},"end":{"line":37,"column":82}}]},"10":{"loc":{"start":{"line":38,"column":4},"end":{"line":38,"column":82}},"type":"if","locations":[{"start":{"line":38,"column":4},"end":{"line":38,"column":82}}]},"11":{"loc":{"start":{"line":39,"column":4},"end":{"line":39,"column":91}},"type":"if","locations":[{"start":{"line":39,"column":4},"end":{"line":39,"column":91}}]},"12":{"loc":{"start":{"line":40,"column":4},"end":{"line":40,"column":91}},"type":"if","locations":[{"start":{"line":40,"column":4},"end":{"line":40,"column":91}}]},"13":{"loc":{"start":{"line":41,"column":4},"end":{"line":41,"column":66}},"type":"if","locations":[{"start":{"line":41,"column":4},"end":{"line":41,"column":66}}]},"14":{"loc":{"start":{"line":42,"column":4},"end":{"line":42,"column":75}},"type":"if","locations":[{"start":{"line":42,"column":4},"end":{"line":42,"column":75}}]},"15":{"loc":{"start":{"line":43,"column":4},"end":{"line":43,"column":87}},"type":"if","locations":[{"start":{"line":43,"column":4},"end":{"line":43,"column":87}}]},"16":{"loc":{"start":{"line":44,"column":4},"end":{"line":44,"column":75}},"type":"if","locations":[{"start":{"line":44,"column":4},"end":{"line":44,"column":75}}]},"17":{"loc":{"start":{"line":45,"column":4},"end":{"line":45,"column":75}},"type":"if","locations":[{"start":{"line":45,"column":4},"end":{"line":45,"column":75}}]},"18":{"loc":{"start":{"line":46,"column":4},"end":{"line":48,"column":5}},"type":"if","locations":[{"start":{"line":46,"column":4},"end":{"line":48,"column":5}}]},"19":{"loc":{"start":{"line":73,"column":4},"end":{"line":75,"column":5}},"type":"if","locations":[{"start":{"line":73,"column":4},"end":{"line":75,"column":5}}]},"20":{"loc":{"start":{"line":105,"column":4},"end":{"line":107,"column":5}},"type":"if","locations":[{"start":{"line":105,"column":4},"end":{"line":107,"column":5}}]},"21":{"loc":{"start":{"line":123,"column":4},"end":{"line":125,"column":5}},"type":"if","locations":[{"start":{"line":123,"column":4},"end":{"line":125,"column":5}}]}},"s":{"0":4,"1":4,"2":4,"3":5,"4":5,"5":5,"6":5,"7":5,"8":1,"9":1,"10":1,"11":4,"12":4,"13":1,"14":4,"15":0,"16":4,"17":1,"18":4,"19":1,"20":4,"21":0,"22":4,"23":0,"24":4,"25":0,"26":4,"27":0,"28":4,"29":0,"30":4,"31":0,"32":4,"33":0,"34":4,"35":0,"36":4,"37":0,"38":4,"39":1,"40":4,"41":4,"42":0,"43":4,"44":4,"45":2,"46":2,"47":2,"48":1,"49":1,"50":1,"51":4,"52":4,"53":1,"54":1,"55":1,"56":0,"57":4,"58":4,"59":2,"60":2,"61":2,"62":1,"63":1,"64":1,"65":4,"66":4,"67":1,"68":1,"69":1,"70":0,"71":1,"72":0,"73":4,"74":4,"75":1,"76":1,"77":1,"78":0,"79":4},"f":{"0":5,"1":2,"2":1,"3":2,"4":1,"5":1},"b":{"0":[5],"1":[5],"2":[5],"3":[5],"4":[1],"5":[1],"6":[0],"7":[1],"8":[1],"9":[0],"10":[0],"11":[0],"12":[0],"13":[0],"14":[0],"15":[0],"16":[0],"17":[0],"18":[1],"19":[1],"20":[1],"21":[0]}}
,"/Users/decagon/Desktop/untitled folder 2/car-dealership-api/src/controllers/categoryController.ts": {"path":"/Users/decagon/Desktop/untitled folder 2/car-dealership-api/src/controllers/categoryController.ts","statementMap":{"0":{"start":{"line":2,"column":0},"end":{"line":2,"column":48}},"1":{"start":{"line":3,"column":0},"end":{"line":3,"column":38}},"2":{"start":{"line":4,"column":0},"end":{"line":4,"column":57}},"3":{"start":{"line":8,"column":4},"end":{"line":18,"column":5}},"4":{"start":{"line":9,"column":25},"end":{"line":9,"column":71}},"5":{"start":{"line":11,"column":6},"end":{"line":15,"column":9}},"6":{"start":{"line":17,"column":6},"end":{"line":17,"column":18}},"7":{"start":{"line":22,"column":4},"end":{"line":44,"column":5}},"8":{"start":{"line":23,"column":23},"end":{"line":23,"column":68}},"9":{"start":{"line":25,"column":6},"end":{"line":27,"column":7}},"10":{"start":{"line":26,"column":8},"end":{"line":26,"column":53}},"11":{"start":{"line":29,"column":19},"end":{"line":31,"column":15}},"12":{"start":{"line":33,"column":6},"end":{"line":41,"column":9}},"13":{"start":{"line":43,"column":6},"end":{"line":43,"column":18}},"14":{"start":{"line":48,"column":4},"end":{"line":59,"column":5}},"15":{"start":{"line":49,"column":23},"end":{"line":49,"column":45}},"16":{"start":{"line":50,"column":6},"end":{"line":50,"column":28}},"17":{"start":{"line":52,"column":6},"end":{"line":56,"column":9}},"18":{"start":{"line":58,"column":6},"end":{"line":58,"column":18}},"19":{"start":{"line":63,"column":4},"end":{"line":81,"column":5}},"20":{"start":{"line":64,"column":23},"end":{"line":67,"column":null}},"21":{"start":{"line":70,"column":6},"end":{"line":72,"column":7}},"22":{"start":{"line":71,"column":8},"end":{"line":71,"column":53}},"23":{"start":{"line":74,"column":6},"end":{"line":78,"column":9}},"24":{"start":{"line":80,"column":6},"end":{"line":80,"column":18}},"25":{"start":{"line":85,"column":4},"end":{"line":104,"column":5}},"26":{"start":{"line":86,"column":23},"end":{"line":86,"column":76}},"27":{"start":{"line":88,"column":6},"end":{"line":90,"column":7}},"28":{"start":{"line":89,"column":8},"end":{"line":89,"column":76}},"29":{"start":{"line":92,"column":23},"end":{"line":92,"column":70}},"30":{"start":{"line":94,"column":6},"end":{"line":96,"column":7}},"31":{"start":{"line":95,"column":8},"end":{"line":95,"column":53}},"32":{"start":{"line":98,"column":6},"end":{"line":101,"column":9}},"33":{"start":{"line":103,"column":6},"end":{"line":103,"column":18}},"34":{"start":{"line":6,"column":0},"end":{"line":6,"column":13}}},"fnMap":{"0":{"name":"(anonymous_1)","decl":{"start":{"line":7,"column":2},"end":{"line":7,"column":8}},"loc":{"start":{"line":7,"column":79},"end":{"line":19,"column":3}}},"1":{"name":"(anonymous_2)","decl":{"start":{"line":21,"column":2},"end":{"line":21,"column":8}},"loc":{"start":{"line":21,"column":78},"end":{"line":45,"column":3}}},"2":{"name":"(anonymous_3)","decl":{"start":{"line":47,"column":2},"end":{"line":47,"column":8}},"loc":{"start":{"line":47,"column":77},"end":{"line":60,"column":3}}},"3":{"name":"(anonymous_4)","decl":{"start":{"line":62,"column":2},"end":{"line":62,"column":8}},"loc":{"start":{"line":62,"column":77},"end":{"line":82,"column":3}}},"4":{"name":"(anonymous_5)","decl":{"start":{"line":84,"column":2},"end":{"line":84,"column":8}},"loc":{"start":{"line":84,"column":77},"end":{"line":105,"column":3}}}},"branchMap":{"0":{"loc":{"start":{"line":25,"column":6},"end":{"line":27,"column":7}},"type":"if","locations":[{"start":{"line":25,"column":6},"end":{"line":27,"column":7}}]},"1":{"loc":{"start":{"line":70,"column":6},"end":{"line":72,"column":7}},"type":"if","locations":[{"start":{"line":70,"column":6},"end":{"line":72,"column":7}}]},"2":{"loc":{"start":{"line":88,"column":6},"end":{"line":90,"column":7}},"type":"if","locations":[{"start":{"line":88,"column":6},"end":{"line":90,"column":7}}]},"3":{"loc":{"start":{"line":94,"column":6},"end":{"line":96,"column":7}},"type":"if","locations":[{"start":{"line":94,"column":6},"end":{"line":96,"column":7}}]}},"s":{"0":4,"1":4,"2":4,"3":0,"4":0,"5":0,"6":0,"7":0,"8":0,"9":0,"10":0,"11":0,"12":0,"13":0,"14":0,"15":0,"16":0,"17":0,"18":0,"19":0,"20":0,"21":0,"22":0,"23":0,"24":0,"25":0,"26":0,"27":0,"28":0,"29":0,"30":0,"31":0,"32":0,"33":0,"34":4},"f":{"0":0,"1":0,"2":0,"3":0,"4":0},"b":{"0":[0],"1":[0],"2":[0],"3":[0]}}
,"/Users/decagon/Desktop/untitled folder 2/car-dealership-api/src/controllers/customerController.ts": {"path":"/Users/decagon/Desktop/untitled folder 2/car-dealership-api/src/controllers/customerController.ts","statementMap":{"0":{"start":{"line":2,"column":0},"end":{"line":2,"column":48}},"1":{"start":{"line":3,"column":0},"end":{"line":3,"column":40}},"2":{"start":{"line":4,"column":0},"end":{"line":4,"column":57}},"3":{"start":{"line":8,"column":4},"end":{"line":59,"column":5}},"4":{"start":{"line":16,"column":10},"end":{"line":16,"column":19}},"5":{"start":{"line":18,"column":22},"end":{"line":18,"column":59}},"6":{"start":{"line":19,"column":23},"end":{"line":19,"column":75}},"7":{"start":{"line":20,"column":19},"end":{"line":20,"column":43}},"8":{"start":{"line":22,"column":26},"end":{"line":22,"column":28}},"9":{"start":{"line":23,"column":6},"end":{"line":25,"column":7}},"10":{"start":{"line":24,"column":8},"end":{"line":24,"column":65}},"11":{"start":{"line":26,"column":6},"end":{"line":28,"column":7}},"12":{"start":{"line":27,"column":8},"end":{"line":27,"column":67}},"13":{"start":{"line":30,"column":31},"end":{"line":30,"column":33}},"14":{"start":{"line":31,"column":6},"end":{"line":31,"column":67}},"15":{"start":{"line":33,"column":33},"end":{"line":42,"column":8}},"16":{"start":{"line":44,"column":25},"end":{"line":49,"column":8}},"17":{"start":{"line":51,"column":6},"end":{"line":56,"column":9}},"18":{"start":{"line":58,"column":6},"end":{"line":58,"column":18}},"19":{"start":{"line":63,"column":4},"end":{"line":80,"column":5}},"20":{"start":{"line":64,"column":23},"end":{"line":67,"column":15}},"21":{"start":{"line":69,"column":6},"end":{"line":71,"column":7}},"22":{"start":{"line":70,"column":8},"end":{"line":70,"column":53}},"23":{"start":{"line":73,"column":6},"end":{"line":77,"column":9}},"24":{"start":{"line":79,"column":6},"end":{"line":79,"column":18}},"25":{"start":{"line":84,"column":4},"end":{"line":105,"column":5}},"26":{"start":{"line":85,"column":59},"end":{"line":85,"column":67}},"27":{"start":{"line":87,"column":23},"end":{"line":92,"column":61}},"28":{"start":{"line":94,"column":6},"end":{"line":96,"column":7}},"29":{"start":{"line":95,"column":8},"end":{"line":95,"column":53}},"30":{"start":{"line":98,"column":6},"end":{"line":102,"column":9}},"31":{"start":{"line":104,"column":6},"end":{"line":104,"column":18}},"32":{"start":{"line":109,"column":4},"end":{"line":127,"column":5}},"33":{"start":{"line":110,"column":23},"end":{"line":110,"column":61}},"34":{"start":{"line":112,"column":6},"end":{"line":114,"column":7}},"35":{"start":{"line":113,"column":8},"end":{"line":113,"column":53}},"36":{"start":{"line":116,"column":6},"end":{"line":119,"column":9}},"37":{"start":{"line":121,"column":6},"end":{"line":124,"column":9}},"38":{"start":{"line":126,"column":6},"end":{"line":126,"column":18}},"39":{"start":{"line":131,"column":4},"end":{"line":152,"column":5}},"40":{"start":{"line":132,"column":24},"end":{"line":132,"column":32}},"41":{"start":{"line":134,"column":23},"end":{"line":139,"column":61}},"42":{"start":{"line":141,"column":6},"end":{"line":143,"column":7}},"43":{"start":{"line":142,"column":8},"end":{"line":142,"column":53}},"44":{"start":{"line":145,"column":6},"end":{"line":149,"column":9}},"45":{"start":{"line":151,"column":6},"end":{"line":151,"column":18}},"46":{"start":{"line":156,"column":4},"end":{"line":197,"column":5}},"47":{"start":{"line":157,"column":20},"end":{"line":174,"column":8}},"48":{"start":{"line":176,"column":28},"end":{"line":185,"column":8}},"49":{"start":{"line":187,"column":6},"end":{"line":194,"column":9}},"50":{"start":{"line":196,"column":6},"end":{"line":196,"column":18}},"51":{"start":{"line":6,"column":0},"end":{"line":6,"column":13}}},"fnMap":{"0":{"name":"(anonymous_1)","decl":{"start":{"line":7,"column":2},"end":{"line":7,"column":8}},"loc":{"start":{"line":7,"column":78},"end":{"line":60,"column":3}}},"1":{"name":"(anonymous_2)","decl":{"start":{"line":62,"column":2},"end":{"line":62,"column":8}},"loc":{"start":{"line":62,"column":78},"end":{"line":81,"column":3}}},"2":{"name":"(anonymous_3)","decl":{"start":{"line":83,"column":2},"end":{"line":83,"column":8}},"loc":{"start":{"line":83,"column":77},"end":{"line":106,"column":3}}},"3":{"name":"(anonymous_4)","decl":{"start":{"line":108,"column":2},"end":{"line":108,"column":8}},"loc":{"start":{"line":108,"column":77},"end":{"line":128,"column":3}}},"4":{"name":"(anonymous_5)","decl":{"start":{"line":130,"column":2},"end":{"line":130,"column":8}},"loc":{"start":{"line":130,"column":86},"end":{"line":153,"column":3}}},"5":{"name":"(anonymous_6)","decl":{"start":{"line":155,"column":2},"end":{"line":155,"column":8}},"loc":{"start":{"line":155,"column":79},"end":{"line":198,"column":3}}}},"branchMap":{"0":{"loc":{"start":{"line":10,"column":8},"end":{"line":10,"column":16}},"type":"default-arg","locations":[{"start":{"line":10,"column":15},"end":{"line":10,"column":16}}]},"1":{"loc":{"start":{"line":11,"column":8},"end":{"line":11,"column":18}},"type":"default-arg","locations":[{"start":{"line":11,"column":16},"end":{"line":11,"column":18}}]},"2":{"loc":{"start":{"line":14,"column":8},"end":{"line":14,"column":28}},"type":"default-arg","locations":[{"start":{"line":14,"column":17},"end":{"line":14,"column":28}}]},"3":{"loc":{"start":{"line":15,"column":8},"end":{"line":15,"column":26}},"type":"default-arg","locations":[{"start":{"line":15,"column":20},"end":{"line":15,"column":26}}]},"4":{"loc":{"start":{"line":23,"column":6},"end":{"line":25,"column":7}},"type":"if","locations":[{"start":{"line":23,"column":6},"end":{"line":25,"column":7}}]},"5":{"loc":{"start":{"line":26,"column":6},"end":{"line":28,"column":7}},"type":"if","locations":[{"start":{"line":26,"column":6},"end":{"line":28,"column":7}}]},"6":{"loc":{"start":{"line":31,"column":38},"end":{"line":31,"column":66}},"type":"cond-expr","locations":[{"start":{"line":31,"column":60},"end":{"line":31,"column":61}},{"start":{"line":31,"column":64},"end":{"line":31,"column":66}}]},"7":{"loc":{"start":{"line":69,"column":6},"end":{"line":71,"column":7}},"type":"if","locations":[{"start":{"line":69,"column":6},"end":{"line":71,"column":7}}]},"8":{"loc":{"start":{"line":94,"column":6},"end":{"line":96,"column":7}},"type":"if","locations":[{"start":{"line":94,"column":6},"end":{"line":96,"column":7}}]},"9":{"loc":{"start":{"line":112,"column":6},"end":{"line":114,"column":7}},"type":"if","locations":[{"start":{"line":112,"column":6},"end":{"line":114,"column":7}}]},"10":{"loc":{"start":{"line":141,"column":6},"end":{"line":143,"column":7}},"type":"if","locations":[{"start":{"line":141,"column":6},"end":{"line":143,"column":7}}]},"11":{"loc":{"start":{"line":191,"column":20},"end":{"line":191,"column":100}},"type":"binary-expr","locations":[{"start":{"line":191,"column":20},"end":{"line":191,"column":28}},{"start":{"line":191,"column":32},"end":{"line":191,"column":100}}]}},"s":{"0":4,"1":4,"2":4,"3":1,"4":1,"5":1,"6":1,"7":1,"8":1,"9":1,"10":0,"11":1,"12":0,"13":1,"14":1,"15":1,"16":1,"17":1,"18":0,"19":0,"20":0,"21":0,"22":0,"23":0,"24":0,"25":0,"26":0,"27":0,"28":0,"29":0,"30":0,"31":0,"32":0,"33":0,"34":0,"35":0,"36":0,"37":0,"38":0,"39":1,"40":1,"41":1,"42":1,"43":0,"44":1,"45":0,"46":1,"47":1,"48":1,"49":1,"50":0,"51":4},"f":{"0":1,"1":0,"2":0,"3":0,"4":1,"5":1},"b":{"0":[1],"1":[1],"2":[1],"3":[1],"4":[0],"5":[0],"6":[0,1],"7":[0],"8":[0],"9":[0],"10":[0],"11":[1,0]}}
,"/Users/decagon/Desktop/untitled folder 2/car-dealership-api/src/controllers/managerController.ts": {"path":"/Users/decagon/Desktop/untitled folder 2/car-dealership-api/src/controllers/managerController.ts","statementMap":{"0":{"start":{"line":2,"column":0},"end":{"line":2,"column":46}},"1":{"start":{"line":3,"column":0},"end":{"line":3,"column":40}},"2":{"start":{"line":4,"column":0},"end":{"line":4,"column":57}},"3":{"start":{"line":8,"column":4},"end":{"line":54,"column":5}},"4":{"start":{"line":15,"column":10},"end":{"line":15,"column":19}},"5":{"start":{"line":17,"column":22},"end":{"line":17,"column":59}},"6":{"start":{"line":18,"column":23},"end":{"line":18,"column":75}},"7":{"start":{"line":19,"column":19},"end":{"line":19,"column":43}},"8":{"start":{"line":21,"column":26},"end":{"line":21,"column":28}},"9":{"start":{"line":22,"column":6},"end":{"line":24,"column":7}},"10":{"start":{"line":23,"column":8},"end":{"line":23,"column":66}},"11":{"start":{"line":26,"column":31},"end":{"line":26,"column":33}},"12":{"start":{"line":27,"column":6},"end":{"line":27,"column":67}},"13":{"start":{"line":29,"column":32},"end":{"line":37,"column":8}},"14":{"start":{"line":39,"column":25},"end":{"line":44,"column":8}},"15":{"start":{"line":46,"column":6},"end":{"line":51,"column":9}},"16":{"start":{"line":53,"column":6},"end":{"line":53,"column":18}},"17":{"start":{"line":58,"column":4},"end":{"line":74,"column":5}},"18":{"start":{"line":59,"column":22},"end":{"line":61,"column":15}},"19":{"start":{"line":63,"column":6},"end":{"line":65,"column":7}},"20":{"start":{"line":64,"column":8},"end":{"line":64,"column":52}},"21":{"start":{"line":67,"column":6},"end":{"line":71,"column":9}},"22":{"start":{"line":73,"column":6},"end":{"line":73,"column":18}},"23":{"start":{"line":78,"column":4},"end":{"line":133,"column":5}},"24":{"start":{"line":89,"column":10},"end":{"line":89,"column":18}},"25":{"start":{"line":91,"column":27},"end":{"line":91,"column":56}},"26":{"start":{"line":92,"column":6},"end":{"line":94,"column":7}},"27":{"start":{"line":93,"column":8},"end":{"line":93,"column":70}},"28":{"start":{"line":96,"column":30},"end":{"line":96,"column":67}},"29":{"start":{"line":97,"column":6},"end":{"line":99,"column":7}},"30":{"start":{"line":98,"column":8},"end":{"line":98,"column":61}},"31":{"start":{"line":101,"column":19},"end":{"line":108,"column":8}},"32":{"start":{"line":110,"column":6},"end":{"line":110,"column":24}},"33":{"start":{"line":112,"column":22},"end":{"line":119,"column":8}},"34":{"start":{"line":121,"column":6},"end":{"line":121,"column":27}},"35":{"start":{"line":123,"column":31},"end":{"line":124,"column":38}},"36":{"start":{"line":126,"column":6},"end":{"line":130,"column":9}},"37":{"start":{"line":132,"column":6},"end":{"line":132,"column":18}},"38":{"start":{"line":137,"column":4},"end":{"line":157,"column":5}},"39":{"start":{"line":138,"column":62},"end":{"line":138,"column":70}},"40":{"start":{"line":140,"column":22},"end":{"line":144,"column":37}},"41":{"start":{"line":146,"column":6},"end":{"line":148,"column":7}},"42":{"start":{"line":147,"column":8},"end":{"line":147,"column":52}},"43":{"start":{"line":150,"column":6},"end":{"line":154,"column":9}},"44":{"start":{"line":156,"column":6},"end":{"line":156,"column":18}},"45":{"start":{"line":161,"column":4},"end":{"line":179,"column":5}},"46":{"start":{"line":162,"column":22},"end":{"line":162,"column":59}},"47":{"start":{"line":164,"column":6},"end":{"line":166,"column":7}},"48":{"start":{"line":165,"column":8},"end":{"line":165,"column":52}},"49":{"start":{"line":168,"column":6},"end":{"line":171,"column":9}},"50":{"start":{"line":173,"column":6},"end":{"line":176,"column":9}},"51":{"start":{"line":178,"column":6},"end":{"line":178,"column":18}},"52":{"start":{"line":183,"column":4},"end":{"line":218,"column":5}},"53":{"start":{"line":184,"column":20},"end":{"line":201,"column":8}},"54":{"start":{"line":203,"column":30},"end":{"line":206,"column":8}},"55":{"start":{"line":208,"column":6},"end":{"line":215,"column":9}},"56":{"start":{"line":217,"column":6},"end":{"line":217,"column":18}},"57":{"start":{"line":6,"column":0},"end":{"line":6,"column":13}}},"fnMap":{"0":{"name":"(anonymous_1)","decl":{"start":{"line":7,"column":2},"end":{"line":7,"column":8}},"loc":{"start":{"line":7,"column":77},"end":{"line":55,"column":3}}},"1":{"name":"(anonymous_2)","decl":{"start":{"line":57,"column":2},"end":{"line":57,"column":8}},"loc":{"start":{"line":57,"column":77},"end":{"line":75,"column":3}}},"2":{"name":"(anonymous_3)","decl":{"start":{"line":77,"column":2},"end":{"line":77,"column":8}},"loc":{"start":{"line":77,"column":76},"end":{"line":134,"column":3}}},"3":{"name":"(anonymous_4)","decl":{"start":{"line":136,"column":2},"end":{"line":136,"column":8}},"loc":{"start":{"line":136,"column":76},"end":{"line":158,"column":3}}},"4":{"name":"(anonymous_5)","decl":{"start":{"line":160,"column":2},"end":{"line":160,"column":8}},"loc":{"start":{"line":160,"column":76},"end":{"line":180,"column":3}}},"5":{"name":"(anonymous_6)","decl":{"start":{"line":182,"column":2},"end":{"line":182,"column":8}},"loc":{"start":{"line":182,"column":78},"end":{"line":219,"column":3}}}},"branchMap":{"0":{"loc":{"start":{"line":10,"column":8},"end":{"line":10,"column":16}},"type":"default-arg","locations":[{"start":{"line":10,"column":15},"end":{"line":10,"column":16}}]},"1":{"loc":{"start":{"line":11,"column":8},"end":{"line":11,"column":18}},"type":"default-arg","locations":[{"start":{"line":11,"column":16},"end":{"line":11,"column":18}}]},"2":{"loc":{"start":{"line":13,"column":8},"end":{"line":13,"column":28}},"type":"default-arg","locations":[{"start":{"line":13,"column":17},"end":{"line":13,"column":28}}]},"3":{"loc":{"start":{"line":14,"column":8},"end":{"line":14,"column":26}},"type":"default-arg","locations":[{"start":{"line":14,"column":20},"end":{"line":14,"column":26}}]},"4":{"loc":{"start":{"line":22,"column":6},"end":{"line":24,"column":7}},"type":"if","locations":[{"start":{"line":22,"column":6},"end":{"line":24,"column":7}}]},"5":{"loc":{"start":{"line":27,"column":38},"end":{"line":27,"column":66}},"type":"cond-expr","locations":[{"start":{"line":27,"column":60},"end":{"line":27,"column":61}},{"start":{"line":27,"column":64},"end":{"line":27,"column":66}}]},"6":{"loc":{"start":{"line":63,"column":6},"end":{"line":65,"column":7}},"type":"if","locations":[{"start":{"line":63,"column":6},"end":{"line":65,"column":7}}]},"7":{"loc":{"start":{"line":88,"column":8},"end":{"line":88,"column":24}},"type":"default-arg","locations":[{"start":{"line":88,"column":22},"end":{"line":88,"column":24}}]},"8":{"loc":{"start":{"line":92,"column":6},"end":{"line":94,"column":7}},"type":"if","locations":[{"start":{"line":92,"column":6},"end":{"line":94,"column":7}}]},"9":{"loc":{"start":{"line":97,"column":6},"end":{"line":99,"column":7}},"type":"if","locations":[{"start":{"line":97,"column":6},"end":{"line":99,"column":7}}]},"10":{"loc":{"start":{"line":146,"column":6},"end":{"line":148,"column":7}},"type":"if","locations":[{"start":{"line":146,"column":6},"end":{"line":148,"column":7}}]},"11":{"loc":{"start":{"line":164,"column":6},"end":{"line":166,"column":7}},"type":"if","locations":[{"start":{"line":164,"column":6},"end":{"line":166,"column":7}}]},"12":{"loc":{"start":{"line":212,"column":20},"end":{"line":212,"column":91}},"type":"binary-expr","locations":[{"start":{"line":212,"column":20},"end":{"line":212,"column":28}},{"start":{"line":212,"column":32},"end":{"line":212,"column":91}}]}},"s":{"0":4,"1":4,"2":4,"3":2,"4":2,"5":2,"6":2,"7":2,"8":2,"9":2,"10":1,"11":2,"12":2,"13":2,"14":2,"15":2,"16":0,"17":0,"18":0,"19":0,"20":0,"21":0,"22":0,"23":3,"24":3,"25":3,"26":3,"27":0,"28":3,"29":3,"30":1,"31":2,"32":2,"33":2,"34":2,"35":2,"36":2,"37":1,"38":0,"39":0,"40":0,"41":0,"42":0,"43":0,"44":0,"45":1,"46":1,"47":1,"48":0,"49":1,"50":1,"51":0,"52":0,"53":0,"54":0,"55":0,"56":0,"57":4},"f":{"0":2,"1":0,"2":3,"3":0,"4":1,"5":0},"b":{"0":[2],"1":[2],"2":[2],"3":[2],"4":[1],"5":[0,2],"6":[0],"7":[3],"8":[0],"9":[1],"10":[0],"11":[0],"12":[0,0]}}
,"/Users/decagon/Desktop/untitled folder 2/car-dealership-api/src/middleware/auth.ts": {"path":"/Users/decagon/Desktop/untitled folder 2/car-dealership-api/src/middleware/auth.ts","statementMap":{"0":{"start":{"line":2,"column":0},"end":{"line":2,"column":31}},"1":{"start":{"line":3,"column":0},"end":{"line":3,"column":40}},"2":{"start":{"line":10,"column":28},"end":{"line":48,"column":1}},"3":{"start":{"line":15,"column":2},"end":{"line":47,"column":3}},"4":{"start":{"line":16,"column":23},"end":{"line":16,"column":50}},"5":{"start":{"line":18,"column":18},"end":{"line":18,"column":52}},"6":{"start":{"line":20,"column":4},"end":{"line":26,"column":5}},"7":{"start":{"line":21,"column":6},"end":{"line":24,"column":9}},"8":{"start":{"line":25,"column":6},"end":{"line":25,"column":13}},"9":{"start":{"line":28,"column":20},"end":{"line":28,"column":84}},"10":{"start":{"line":30,"column":17},"end":{"line":30,"column":52}},"11":{"start":{"line":32,"column":4},"end":{"line":38,"column":5}},"12":{"start":{"line":33,"column":6},"end":{"line":36,"column":9}},"13":{"start":{"line":37,"column":6},"end":{"line":37,"column":13}},"14":{"start":{"line":40,"column":4},"end":{"line":40,"column":20}},"15":{"start":{"line":41,"column":4},"end":{"line":41,"column":11}},"16":{"start":{"line":43,"column":4},"end":{"line":46,"column":7}},"17":{"start":{"line":10,"column":13},"end":{"line":10,"column":28}},"18":{"start":{"line":50,"column":25},"end":{"line":70,"column":1}},"19":{"start":{"line":51,"column":2},"end":{"line":69,"column":4}},"20":{"start":{"line":52,"column":4},"end":{"line":58,"column":5}},"21":{"start":{"line":53,"column":6},"end":{"line":56,"column":9}},"22":{"start":{"line":57,"column":6},"end":{"line":57,"column":13}},"23":{"start":{"line":60,"column":4},"end":{"line":66,"column":5}},"24":{"start":{"line":61,"column":6},"end":{"line":64,"column":9}},"25":{"start":{"line":65,"column":6},"end":{"line":65,"column":13}},"26":{"start":{"line":68,"column":4},"end":{"line":68,"column":11}},"27":{"start":{"line":50,"column":13},"end":{"line":50,"column":25}}},"fnMap":{"0":{"name":"(anonymous_1)","decl":{"start":{"line":10,"column":28},"end":{"line":10,"column":33}},"loc":{"start":{"line":14,"column":19},"end":{"line":48,"column":1}}},"1":{"name":"(anonymous_2)","decl":{"start":{"line":50,"column":25},"end":{"line":50,"column":26}},"loc":{"start":{"line":50,"column":48},"end":{"line":70,"column":1}}},"2":{"name":"(anonymous_3)","decl":{"start":{"line":51,"column":9},"end":{"line":51,"column":10}},"loc":{"start":{"line":51,"column":71},"end":{"line":69,"column":3}}}},"branchMap":{"0":{"loc":{"start":{"line":20,"column":4},"end":{"line":26,"column":5}},"type":"if","locations":[{"start":{"line":20,"column":4},"end":{"line":26,"column":5}}]},"1":{"loc":{"start":{"line":32,"column":4},"end":{"line":38,"column":5}},"type":"if","locations":[{"start":{"line":32,"column":4},"end":{"line":38,"column":5}}]},"2":{"loc":{"start":{"line":52,"column":4},"end":{"line":58,"column":5}},"type":"if","locations":[{"start":{"line":52,"column":4},"end":{"line":58,"column":5}}]},"3":{"loc":{"start":{"line":60,"column":4},"end":{"line":66,"column":5}},"type":"if","locations":[{"start":{"line":60,"column":4},"end":{"line":66,"column":5}}]}},"s":{"0":4,"1":4,"2":4,"3":20,"4":20,"5":20,"6":20,"7":2,"8":2,"9":18,"10":17,"11":17,"12":0,"13":0,"14":17,"15":17,"16":1,"17":4,"18":4,"19":72,"20":14,"21":0,"22":0,"23":14,"24":0,"25":0,"26":14,"27":4},"f":{"0":20,"1":72,"2":14},"b":{"0":[2],"1":[0],"2":[0],"3":[0]}}
,"/Users/decagon/Desktop/untitled folder 2/car-dealership-api/src/middleware/errorHandler.ts": {"path":"/Users/decagon/Desktop/untitled folder 2/car-dealership-api/src/middleware/errorHandler.ts","statementMap":{"0":{"start":{"line":8,"column":28},"end":{"line":43,"column":1}},"1":{"start":{"line":14,"column":14},"end":{"line":14,"column":24}},"2":{"start":{"line":15,"column":2},"end":{"line":15,"column":30}},"3":{"start":{"line":17,"column":2},"end":{"line":19,"column":3}},"4":{"start":{"line":18,"column":4},"end":{"line":18,"column":23}},"5":{"start":{"line":22,"column":2},"end":{"line":25,"column":3}},"6":{"start":{"line":23,"column":20},"end":{"line":23,"column":40}},"7":{"start":{"line":24,"column":4},"end":{"line":24,"column":51}},"8":{"start":{"line":28,"column":2},"end":{"line":31,"column":3}},"9":{"start":{"line":29,"column":20},"end":{"line":29,"column":51}},"10":{"start":{"line":30,"column":4},"end":{"line":30,"column":51}},"11":{"start":{"line":34,"column":2},"end":{"line":37,"column":3}},"12":{"start":{"line":35,"column":20},"end":{"line":35,"column":38}},"13":{"start":{"line":36,"column":4},"end":{"line":36,"column":51}},"14":{"start":{"line":39,"column":2},"end":{"line":42,"column":5}},"15":{"start":{"line":8,"column":13},"end":{"line":8,"column":28}},"16":{"start":{"line":45,"column":27},"end":{"line":50,"column":1}},"17":{"start":{"line":46,"column":29},"end":{"line":46,"column":47}},"18":{"start":{"line":47,"column":2},"end":{"line":47,"column":32}},"19":{"start":{"line":48,"column":2},"end":{"line":48,"column":29}},"20":{"start":{"line":49,"column":2},"end":{"line":49,"column":15}},"21":{"start":{"line":45,"column":13},"end":{"line":45,"column":27}}},"fnMap":{"0":{"name":"(anonymous_0)","decl":{"start":{"line":8,"column":28},"end":{"line":8,"column":null}},"loc":{"start":{"line":13,"column":4},"end":{"line":43,"column":1}}},"1":{"name":"(anonymous_1)","decl":{"start":{"line":45,"column":27},"end":{"line":45,"column":28}},"loc":{"start":{"line":45,"column":80},"end":{"line":50,"column":1}}}},"branchMap":{"0":{"loc":{"start":{"line":17,"column":2},"end":{"line":19,"column":3}},"type":"if","locations":[{"start":{"line":17,"column":2},"end":{"line":19,"column":3}}]},"1":{"loc":{"start":{"line":17,"column":6},"end":{"line":17,"column":59}},"type":"binary-expr","locations":[{"start":{"line":17,"column":6},"end":{"line":17,"column":37}},{"start":{"line":17,"column":41},"end":{"line":17,"column":59}}]},"2":{"loc":{"start":{"line":22,"column":2},"end":{"line":25,"column":3}},"type":"if","locations":[{"start":{"line":22,"column":2},"end":{"line":25,"column":3}}]},"3":{"loc":{"start":{"line":28,"column":2},"end":{"line":31,"column":3}},"type":"if","locations":[{"start":{"line":28,"column":2},"end":{"line":31,"column":3}}]},"4":{"loc":{"start":{"line":28,"column":6},"end":{"line":28,"column":62}},"type":"binary-expr","locations":[{"start":{"line":28,"column":6},"end":{"line":28,"column":31}},{"start":{"line":28,"column":36},"end":{"line":28,"column":62}}]},"5":{"loc":{"start":{"line":34,"column":2},"end":{"line":37,"column":3}},"type":"if","locations":[{"start":{"line":34,"column":2},"end":{"line":37,"column":3}}]},"6":{"loc":{"start":{"line":39,"column":13},"end":{"line":39,"column":36}},"type":"binary-expr","locations":[{"start":{"line":39,"column":13},"end":{"line":39,"column":29}},{"start":{"line":39,"column":33},"end":{"line":39,"column":36}}]},"7":{"loc":{"start":{"line":41,"column":13},"end":{"line":41,"column":44}},"type":"binary-expr","locations":[{"start":{"line":41,"column":13},"end":{"line":41,"column":26}},{"start":{"line":41,"column":30},"end":{"line":41,"column":44}}]}},"s":{"0":4,"1":6,"2":6,"3":6,"4":0,"5":6,"6":0,"7":0,"8":6,"9":0,"10":0,"11":6,"12":0,"13":0,"14":6,"15":4,"16":4,"17":6,"18":6,"19":6,"20":6,"21":4},"f":{"0":6,"1":6},"b":{"0":[0],"1":[6,6],"2":[0],"3":[0],"4":[6,0],"5":[0],"6":[6,0],"7":[6,0]}}
,"/Users/decagon/Desktop/untitled folder 2/car-dealership-api/src/middleware/validation.ts": {"path":"/Users/decagon/Desktop/untitled folder 2/car-dealership-api/src/middleware/validation.ts","statementMap":{"0":{"start":{"line":1,"column":0},"end":{"line":1,"column":22}},"1":{"start":{"line":4,"column":28},"end":{"line":26,"column":2}},"2":{"start":{"line":28,"column":34},"end":{"line":50,"column":2}},"3":{"start":{"line":52,"column":29},"end":{"line":61,"column":2}},"4":{"start":{"line":63,"column":32},"end":{"line":71,"column":2}},"5":{"start":{"line":73,"column":36},"end":{"line":83,"column":2}},"6":{"start":{"line":85,"column":35},"end":{"line":89,"column":2}},"7":{"start":{"line":91,"column":28},"end":{"line":99,"column":2}},"8":{"start":{"line":101,"column":33},"end":{"line":104,"column":2}},"9":{"start":{"line":106,"column":39},"end":{"line":109,"column":9}},"10":{"start":{"line":111,"column":37},"end":{"line":146,"column":1}},"11":{"start":{"line":116,"column":20},"end":{"line":116,"column":42}},"12":{"start":{"line":120,"column":2},"end":{"line":132,"column":3}},"13":{"start":{"line":122,"column":6},"end":{"line":122,"column":43}},"14":{"start":{"line":123,"column":6},"end":{"line":123,"column":12}},"15":{"start":{"line":125,"column":6},"end":{"line":125,"column":42}},"16":{"start":{"line":126,"column":6},"end":{"line":126,"column":12}},"17":{"start":{"line":128,"column":6},"end":{"line":128,"column":42}},"18":{"start":{"line":129,"column":6},"end":{"line":129,"column":12}},"19":{"start":{"line":131,"column":6},"end":{"line":131,"column":39}},"20":{"start":{"line":134,"column":20},"end":{"line":134,"column":45}},"21":{"start":{"line":136,"column":2},"end":{"line":143,"column":3}},"22":{"start":{"line":137,"column":4},"end":{"line":141,"column":7}},"23":{"start":{"line":140,"column":45},"end":{"line":140,"column":59}},"24":{"start":{"line":142,"column":4},"end":{"line":142,"column":11}},"25":{"start":{"line":145,"column":2},"end":{"line":145,"column":9}},"26":{"start":{"line":111,"column":13},"end":{"line":111,"column":37}},"27":{"start":{"line":148,"column":37},"end":{"line":165,"column":1}},"28":{"start":{"line":153,"column":20},"end":{"line":153,"column":58}},"29":{"start":{"line":155,"column":2},"end":{"line":162,"column":3}},"30":{"start":{"line":156,"column":4},"end":{"line":160,"column":7}},"31":{"start":{"line":159,"column":45},"end":{"line":159,"column":59}},"32":{"start":{"line":161,"column":4},"end":{"line":161,"column":11}},"33":{"start":{"line":164,"column":2},"end":{"line":164,"column":9}},"34":{"start":{"line":148,"column":13},"end":{"line":148,"column":37}},"35":{"start":{"line":167,"column":27},"end":{"line":184,"column":1}},"36":{"start":{"line":172,"column":20},"end":{"line":172,"column":58}},"37":{"start":{"line":174,"column":2},"end":{"line":181,"column":3}},"38":{"start":{"line":175,"column":4},"end":{"line":179,"column":7}},"39":{"start":{"line":178,"column":45},"end":{"line":178,"column":59}},"40":{"start":{"line":180,"column":4},"end":{"line":180,"column":11}},"41":{"start":{"line":183,"column":2},"end":{"line":183,"column":9}},"42":{"start":{"line":167,"column":13},"end":{"line":167,"column":27}},"43":{"start":{"line":186,"column":33},"end":{"line":203,"column":1}},"44":{"start":{"line":191,"column":20},"end":{"line":191,"column":64}},"45":{"start":{"line":193,"column":2},"end":{"line":200,"column":3}},"46":{"start":{"line":194,"column":4},"end":{"line":198,"column":7}},"47":{"start":{"line":197,"column":45},"end":{"line":197,"column":59}},"48":{"start":{"line":199,"column":4},"end":{"line":199,"column":11}},"49":{"start":{"line":202,"column":2},"end":{"line":202,"column":9}},"50":{"start":{"line":186,"column":13},"end":{"line":186,"column":33}},"51":{"start":{"line":205,"column":28},"end":{"line":222,"column":1}},"52":{"start":{"line":210,"column":20},"end":{"line":210,"column":59}},"53":{"start":{"line":212,"column":2},"end":{"line":219,"column":3}},"54":{"start":{"line":213,"column":4},"end":{"line":217,"column":7}},"55":{"start":{"line":216,"column":45},"end":{"line":216,"column":59}},"56":{"start":{"line":218,"column":4},"end":{"line":218,"column":11}},"57":{"start":{"line":221,"column":2},"end":{"line":221,"column":9}},"58":{"start":{"line":205,"column":13},"end":{"line":205,"column":28}},"59":{"start":{"line":224,"column":32},"end":{"line":241,"column":1}},"60":{"start":{"line":229,"column":20},"end":{"line":229,"column":63}},"61":{"start":{"line":231,"column":2},"end":{"line":238,"column":3}},"62":{"start":{"line":232,"column":4},"end":{"line":236,"column":7}},"63":{"start":{"line":235,"column":45},"end":{"line":235,"column":59}},"64":{"start":{"line":237,"column":4},"end":{"line":237,"column":11}},"65":{"start":{"line":240,"column":2},"end":{"line":240,"column":9}},"66":{"start":{"line":224,"column":13},"end":{"line":224,"column":32}},"67":{"start":{"line":243,"column":38},"end":{"line":260,"column":1}},"68":{"start":{"line":248,"column":20},"end":{"line":248,"column":69}},"69":{"start":{"line":250,"column":2},"end":{"line":257,"column":3}},"70":{"start":{"line":251,"column":4},"end":{"line":255,"column":7}},"71":{"start":{"line":254,"column":45},"end":{"line":254,"column":59}},"72":{"start":{"line":256,"column":4},"end":{"line":256,"column":11}},"73":{"start":{"line":259,"column":2},"end":{"line":259,"column":9}},"74":{"start":{"line":243,"column":13},"end":{"line":243,"column":38}}},"fnMap":{"0":{"name":"(anonymous_1)","decl":{"start":{"line":111,"column":37},"end":{"line":111,"column":null}},"loc":{"start":{"line":115,"column":10},"end":{"line":146,"column":1}}},"1":{"name":"(anonymous_2)","decl":{"start":{"line":140,"column":33},"end":{"line":140,"column":34}},"loc":{"start":{"line":140,"column":45},"end":{"line":140,"column":59}}},"2":{"name":"(anonymous_3)","decl":{"start":{"line":148,"column":37},"end":{"line":148,"column":null}},"loc":{"start":{"line":152,"column":10},"end":{"line":165,"column":1}}},"3":{"name":"(anonymous_4)","decl":{"start":{"line":159,"column":33},"end":{"line":159,"column":34}},"loc":{"start":{"line":159,"column":45},"end":{"line":159,"column":59}}},"4":{"name":"(anonymous_5)","decl":{"start":{"line":167,"column":27},"end":{"line":167,"column":null}},"loc":{"start":{"line":171,"column":10},"end":{"line":184,"column":1}}},"5":{"name":"(anonymous_6)","decl":{"start":{"line":178,"column":33},"end":{"line":178,"column":34}},"loc":{"start":{"line":178,"column":45},"end":{"line":178,"column":59}}},"6":{"name":"(anonymous_7)","decl":{"start":{"line":186,"column":33},"end":{"line":186,"column":null}},"loc":{"start":{"line":190,"column":10},"end":{"line":203,"column":1}}},"7":{"name":"(anonymous_8)","decl":{"start":{"line":197,"column":33},"end":{"line":197,"column":34}},"loc":{"start":{"line":197,"column":45},"end":{"line":197,"column":59}}},"8":{"name":"(anonymous_9)","decl":{"start":{"line":205,"column":28},"end":{"line":205,"column":null}},"loc":{"start":{"line":209,"column":10},"end":{"line":222,"column":1}}},"9":{"name":"(anonymous_10)","decl":{"start":{"line":216,"column":33},"end":{"line":216,"column":34}},"loc":{"start":{"line":216,"column":45},"end":{"line":216,"column":59}}},"10":{"name":"(anonymous_11)","decl":{"start":{"line":224,"column":32},"end":{"line":224,"column":null}},"loc":{"start":{"line":228,"column":10},"end":{"line":241,"column":1}}},"11":{"name":"(anonymous_12)","decl":{"start":{"line":235,"column":33},"end":{"line":235,"column":34}},"loc":{"start":{"line":235,"column":45},"end":{"line":235,"column":59}}},"12":{"name":"(anonymous_13)","decl":{"start":{"line":243,"column":38},"end":{"line":243,"column":null}},"loc":{"start":{"line":247,"column":10},"end":{"line":260,"column":1}}},"13":{"name":"(anonymous_14)","decl":{"start":{"line":254,"column":33},"end":{"line":254,"column":34}},"loc":{"start":{"line":254,"column":45},"end":{"line":254,"column":59}}}},"branchMap":{"0":{"loc":{"start":{"line":120,"column":2},"end":{"line":132,"column":3}},"type":"switch","locations":[{"start":{"line":121,"column":4},"end":{"line":123,"column":12}},{"start":{"line":124,"column":4},"end":{"line":126,"column":12}},{"start":{"line":127,"column":4},"end":{"line":129,"column":12}},{"start":{"line":130,"column":4},"end":{"line":131,"column":39}}]},"1":{"loc":{"start":{"line":136,"column":2},"end":{"line":143,"column":3}},"type":"if","locations":[{"start":{"line":136,"column":2},"end":{"line":143,"column":3}}]},"2":{"loc":{"start":{"line":155,"column":2},"end":{"line":162,"column":3}},"type":"if","locations":[{"start":{"line":155,"column":2},"end":{"line":162,"column":3}}]},"3":{"loc":{"start":{"line":174,"column":2},"end":{"line":181,"column":3}},"type":"if","locations":[{"start":{"line":174,"column":2},"end":{"line":181,"column":3}}]},"4":{"loc":{"start":{"line":193,"column":2},"end":{"line":200,"column":3}},"type":"if","locations":[{"start":{"line":193,"column":2},"end":{"line":200,"column":3}}]},"5":{"loc":{"start":{"line":212,"column":2},"end":{"line":219,"column":3}},"type":"if","locations":[{"start":{"line":212,"column":2},"end":{"line":219,"column":3}}]},"6":{"loc":{"start":{"line":231,"column":2},"end":{"line":238,"column":3}},"type":"if","locations":[{"start":{"line":231,"column":2},"end":{"line":238,"column":3}}]},"7":{"loc":{"start":{"line":250,"column":2},"end":{"line":257,"column":3}},"type":"if","locations":[{"start":{"line":250,"column":2},"end":{"line":257,"column":3}}]}},"s":{"0":4,"1":4,"2":4,"3":4,"4":4,"5":4,"6":4,"7":4,"8":4,"9":4,"10":4,"11":0,"12":0,"13":0,"14":0,"15":0,"16":0,"17":0,"18":0,"19":0,"20":0,"21":0,"22":0,"23":0,"24":0,"25":0,"26":4,"27":4,"28":0,"29":0,"30":0,"31":0,"32":0,"33":0,"34":4,"35":4,"36":2,"37":2,"38":1,"39":1,"40":1,"41":1,"42":4,"43":4,"44":2,"45":2,"46":0,"47":0,"48":0,"49":2,"50":4,"51":4,"52":3,"53":3,"54":0,"55":0,"56":0,"57":3,"58":4,"59":4,"60":0,"61":0,"62":0,"63":0,"64":0,"65":0,"66":4,"67":4,"68":0,"69":0,"70":0,"71":0,"72":0,"73":0,"74":4},"f":{"0":0,"1":0,"2":0,"3":0,"4":2,"5":1,"6":2,"7":0,"8":3,"9":0,"10":0,"11":0,"12":0,"13":0},"b":{"0":[0,0,0,0],"1":[0],"2":[0],"3":[1],"4":[0],"5":[0],"6":[0],"7":[0]}}
,"/Users/decagon/Desktop/untitled folder 2/car-dealership-api/src/models/Car.model.ts": {"path":"/Users/decagon/Desktop/untitled folder 2/car-dealership-api/src/models/Car.model.ts","statementMap":{"0":{"start":{"line":1,"column":0},"end":{"line":1,"column":51}},"1":{"start":{"line":4,"column":18},"end":{"line":89,"column":2}},"2":{"start":{"line":91,"column":0},"end":{"line":91,"column":40}},"3":{"start":{"line":92,"column":0},"end":{"line":92,"column":46}},"4":{"start":{"line":93,"column":0},"end":{"line":93,"column":41}},"5":{"start":{"line":94,"column":0},"end":{"line":94,"column":50}},"6":{"start":{"line":95,"column":0},"end":{"line":95,"column":49}},"7":{"start":{"line":97,"column":0},"end":{"line":102,"column":3}},"8":{"start":{"line":104,"column":25},"end":{"line":104,"column":63}},"9":{"start":{"line":105,"column":0},"end":{"line":105,"column":19}}},"fnMap":{},"branchMap":{},"s":{"0":4,"1":4,"2":4,"3":4,"4":4,"5":4,"6":4,"7":4,"8":4,"9":4},"f":{},"b":{}}
,"/Users/decagon/Desktop/untitled folder 2/car-dealership-api/src/models/Category.model.ts": {"path":"/Users/decagon/Desktop/untitled folder 2/car-dealership-api/src/models/Category.model.ts","statementMap":{"0":{"start":{"line":1,"column":0},"end":{"line":1,"column":51}},"1":{"start":{"line":4,"column":23},"end":{"line":19,"column":2}},"2":{"start":{"line":21,"column":35},"end":{"line":21,"column":88}},"3":{"start":{"line":22,"column":0},"end":{"line":22,"column":24}}},"fnMap":{},"branchMap":{},"s":{"0":4,"1":4,"2":4,"3":4},"f":{},"b":{}}
,"/Users/decagon/Desktop/untitled folder 2/car-dealership-api/src/models/Customer.model.ts": {"path":"/Users/decagon/Desktop/untitled folder 2/car-dealership-api/src/models/Customer.model.ts","statementMap":{"0":{"start":{"line":1,"column":0},"end":{"line":1,"column":51}},"1":{"start":{"line":4,"column":23},"end":{"line":35,"column":null}},"2":{"start":{"line":38,"column":0},"end":{"line":38,"column":64}},"3":{"start":{"line":40,"column":35},"end":{"line":42,"column":null}},"4":{"start":{"line":44,"column":0},"end":{"line":44,"column":24}}},"fnMap":{},"branchMap":{},"s":{"0":4,"1":4,"2":4,"3":4,"4":4},"f":{},"b":{}}
,"/Users/decagon/Desktop/untitled folder 2/car-dealership-api/src/models/Manager.model.ts": {"path":"/Users/decagon/Desktop/untitled folder 2/car-dealership-api/src/models/Manager.model.ts","statementMap":{"0":{"start":{"line":1,"column":0},"end":{"line":1,"column":51}},"1":{"start":{"line":4,"column":22},"end":{"line":39,"column":2}},"2":{"start":{"line":41,"column":33},"end":{"line":41,"column":83}},"3":{"start":{"line":42,"column":0},"end":{"line":42,"column":23}}},"fnMap":{},"branchMap":{},"s":{"0":4,"1":4,"2":4,"3":4},"f":{},"b":{}}
,"/Users/decagon/Desktop/untitled folder 2/car-dealership-api/src/models/User.model.ts": {"path":"/Users/decagon/Desktop/untitled folder 2/car-dealership-api/src/models/User.model.ts","statementMap":{"0":{"start":{"line":1,"column":0},"end":{"line":1,"column":51}},"1":{"start":{"line":2,"column":0},"end":{"line":2,"column":30}},"2":{"start":{"line":11,"column":19},"end":{"line":47,"column":null}},"3":{"start":{"line":50,"column":0},"end":{"line":50,"column":30}},"4":{"start":{"line":52,"column":0},"end":{"line":64,"column":3}},"5":{"start":{"line":53,"column":2},"end":{"line":53,"column":50}},"6":{"start":{"line":53,"column":36},"end":{"line":53,"column":50}},"7":{"start":{"line":55,"column":2},"end":{"line":63,"column":3}},"8":{"start":{"line":56,"column":17},"end":{"line":56,"column":41}},"9":{"start":{"line":57,"column":4},"end":{"line":57,"column":59}},"10":{"start":{"line":58,"column":4},"end":{"line":58,"column":11}},"11":{"start":{"line":61,"column":6},"end":{"line":61,"column":75}},"12":{"start":{"line":62,"column":4},"end":{"line":62,"column":14}},"13":{"start":{"line":66,"column":0},"end":{"line":70,"column":2}},"14":{"start":{"line":69,"column":2},"end":{"line":69,"column":49}},"15":{"start":{"line":72,"column":0},"end":{"line":76,"column":2}},"16":{"start":{"line":73,"column":15},"end":{"line":73,"column":30}},"17":{"start":{"line":74,"column":2},"end":{"line":74,"column":23}},"18":{"start":{"line":75,"column":2},"end":{"line":75,"column":14}},"19":{"start":{"line":78,"column":24},"end":{"line":78,"column":76}},"20":{"start":{"line":79,"column":0},"end":{"line":79,"column":20}}},"fnMap":{"0":{"name":"(anonymous_10)","decl":{"start":{"line":52,"column":23},"end":{"line":52,"column":28}},"loc":{"start":{"line":52,"column":43},"end":{"line":64,"column":1}}},"1":{"name":"(anonymous_11)","decl":{"start":{"line":66,"column":37},"end":{"line":66,"column":42}},"loc":{"start":{"line":67,"column":18},"end":{"line":70,"column":1}}},"2":{"name":"(anonymous_12)","decl":{"start":{"line":72,"column":28},"end":{"line":72,"column":null}},"loc":{"start":{"line":72,"column":28},"end":{"line":76,"column":1}}}},"branchMap":{"0":{"loc":{"start":{"line":53,"column":2},"end":{"line":53,"column":50}},"type":"if","locations":[{"start":{"line":53,"column":2},"end":{"line":53,"column":50}}]},"1":{"loc":{"start":{"line":61,"column":6},"end":{"line":61,"column":75}},"type":"cond-expr","locations":[{"start":{"line":61,"column":31},"end":{"line":61,"column":36}},{"start":{"line":61,"column":39},"end":{"line":61,"column":75}}]}},"s":{"0":4,"1":4,"2":4,"3":4,"4":4,"5":41,"6":0,"7":41,"8":41,"9":41,"10":41,"11":0,"12":0,"13":4,"14":2,"15":4,"16":6,"17":6,"18":6,"19":4,"20":4},"f":{"0":41,"1":2,"2":6},"b":{"0":[0],"1":[0,0]}}
[...]
,"/Users/decagon/Desktop/untitled folder 2/car-dealership-api/src/routes/category.routes.ts": {"path":"/Users/decagon/Desktop/untitled folder 2/car-dealership-api/src/routes/category.routes.ts","statementMap":{"0":{"start":{"line":1,"column":0},"end":{"line":1,"column":33}},"1":{"start":{"line":2,"column":0},"end":{"line":2,"column":71}},"2":{"start":{"line":3,"column":0},"end":{"line":3,"column":61}},"3":{"start":{"line":4,"column":0},"end":{"line":4,"column":84}},"4":{"start":{"line":6,"column":15},"end":{"line":6,"column":23}},"5":{"start":{"line":9,"column":0},"end":{"line":9,"column":53}},"6":{"start":{"line":10,"column":0},"end":{"line":10,"column":55}},"7":{"start":{"line":13,"column":0},"end":{"line":13,"column":115}},"8":{"start":{"line":14,"column":0},"end":{"line":14,"column":123}},"9":{"start":{"line":15,"column":0},"end":{"line":15,"column":102}},"10":{"start":{"line":17,"column":0},"end":{"line":17,"column":22}}},"fnMap":{},"branchMap":{},"s":{"0":4,"1":4,"2":4,"3":4,"4":4,"5":4,"6":4,"7":4,"8":4,"9":4,"10":4},"f":{},"b":{}}
,"/Users/decagon/Desktop/untitled folder 2/car-dealership-api/src/routes/customer.routes.ts": {"path":"/Users/decagon/Desktop/untitled folder 2/car-dealership-api/src/routes/customer.routes.ts","statementMap":{"0":{"start":{"line":1,"column":0},"end":{"line":1,"column":33}},"1":{"start":{"line":2,"column":0},"end":{"line":2,"column":71}},"2":{"start":{"line":3,"column":0},"end":{"line":3,"column":61}},"3":{"start":{"line":5,"column":15},"end":{"line":5,"column":23}},"4":{"start":{"line":8,"column":0},"end":{"line":8,"column":97}},"5":{"start":{"line":9,"column":0},"end":{"line":9,"column":103}},"6":{"start":{"line":10,"column":0},"end":{"line":10,"column":100}},"7":{"start":{"line":11,"column":0},"end":{"line":11,"column":99}},"8":{"start":{"line":12,"column":0},"end":{"line":12,"column":91}},"9":{"start":{"line":13,"column":0},"end":{"line":13,"column":118}},"10":{"start":{"line":15,"column":0},"end":{"line":15,"column":22}}},"fnMap":{},"branchMap":{},"s":{"0":4,"1":4,"2":4,"3":4,"4":4,"5":4,"6":4,"7":4,"8":4,"9":4,"10":4},"f":{},"b":{}}
,"/Users/decagon/Desktop/untitled folder 2/car-dealership-api/src/routes/manager.routes.ts": {"path":"/Users/decagon/Desktop/untitled folder 2/car-dealership-api/src/routes/manager.routes.ts","statementMap":{"0":{"start":{"line":1,"column":0},"end":{"line":1,"column":33}},"1":{"start":{"line":2,"column":0},"end":{"line":2,"column":69}},"2":{"start":{"line":3,"column":0},"end":{"line":3,"column":61}},"3":{"start":{"line":5,"column":15},"end":{"line":5,"column":23}},"4":{"start":{"line":8,"column":0},"end":{"line":8,"column":84}},"5":{"start":{"line":9,"column":0},"end":{"line":9,"column":90}},"6":{"start":{"line":10,"column":0},"end":{"line":10,"column":87}},"7":{"start":{"line":11,"column":0},"end":{"line":11,"column":84}},"8":{"start":{"line":12,"column":0},"end":{"line":12,"column":86}},"9":{"start":{"line":13,"column":0},"end":{"line":13,"column":89}},"10":{"start":{"line":15,"column":0},"end":{"line":15,"column":22}}},"fnMap":{},"branchMap":{},"s":{"0":4,"1":4,"2":4,"3":4,"4":4,"5":4,"6":4,"7":4,"8":4,"9":4,"10":4},"f":{},"b":{}}
,"/Users/decagon/Desktop/untitled folder 2/car-dealership-api/src/services/carService.ts": {"path":"/Users/decagon/Desktop/untitled folder 2/car-dealership-api/src/services/carService.ts","statementMap":{"0":{"start":{"line":1,"column":0},"end":{"line":1,"column":38}},"1":{"start":{"line":14,"column":36},"end":{"line":14,"column":38}},"2":{"start":{"line":16,"column":4},"end":{"line":18,"column":5}},"3":{"start":{"line":17,"column":6},"end":{"line":17,"column":51}},"4":{"start":{"line":20,"column":4},"end":{"line":22,"column":5}},"5":{"start":{"line":21,"column":6},"end":{"line":21,"column":51}},"6":{"start":{"line":24,"column":4},"end":{"line":28,"column":5}},"7":{"start":{"line":25,"column":6},"end":{"line":25,"column":23}},"8":{"start":{"line":26,"column":6},"end":{"line":26,"column":78}},"9":{"start":{"line":26,"column":42},"end":{"line":26,"column":78}},"10":{"start":{"line":27,"column":6},"end":{"line":27,"column":78}},"11":{"start":{"line":27,"column":42},"end":{"line":27,"column":78}},"12":{"start":{"line":30,"column":4},"end":{"line":34,"column":5}},"13":{"start":{"line":31,"column":6},"end":{"line":31,"column":22}},"14":{"start":{"line":32,"column":6},"end":{"line":32,"column":75}},"15":{"start":{"line":32,"column":41},"end":{"line":32,"column":75}},"16":{"start":{"line":33,"column":6},"end":{"line":33,"column":75}},"17":{"start":{"line":33,"column":41},"end":{"line":33,"column":75}},"18":{"start":{"line":36,"column":4},"end":{"line":40,"column":5}},"19":{"start":{"line":37,"column":6},"end":{"line":37,"column":25}},"20":{"start":{"line":38,"column":6},"end":{"line":38,"column":84}},"21":{"start":{"line":38,"column":44},"end":{"line":38,"column":84}},"22":{"start":{"line":39,"column":6},"end":{"line":39,"column":84}},"23":{"start":{"line":39,"column":44},"end":{"line":39,"column":84}},"24":{"start":{"line":42,"column":4},"end":{"line":44,"column":5}},"25":{"start":{"line":43,"column":6},"end":{"line":43,"column":51}},"26":{"start":{"line":46,"column":4},"end":{"line":48,"column":5}},"27":{"start":{"line":47,"column":6},"end":{"line":47,"column":40}},"28":{"start":{"line":50,"column":4},"end":{"line":52,"column":5}},"29":{"start":{"line":51,"column":6},"end":{"line":51,"column":48}},"30":{"start":{"line":54,"column":4},"end":{"line":56,"column":5}},"31":{"start":{"line":55,"column":6},"end":{"line":55,"column":57}},"32":{"start":{"line":58,"column":4},"end":{"line":60,"column":5}},"33":{"start":{"line":59,"column":6},"end":{"line":59,"column":46}},"34":{"start":{"line":62,"column":4},"end":{"line":64,"column":5}},"35":{"start":{"line":63,"column":6},"end":{"line":63,"column":40}},"36":{"start":{"line":66,"column":17},"end":{"line":66,"column":35}},"37":{"start":{"line":67,"column":29},"end":{"line":67,"column":31}},"38":{"start":{"line":68,"column":4},"end":{"line":68,"column":55}},"39":{"start":{"line":70,"column":26},"end":{"line":78,"column":6}},"40":{"start":{"line":80,"column":36},"end":{"line":85,"column":6}},"41":{"start":{"line":87,"column":4},"end":{"line":87,"column":32}},"42":{"start":{"line":91,"column":4},"end":{"line":98,"column":12}},"43":{"start":{"line":102,"column":4},"end":{"line":102,"column":76}},"44":{"start":{"line":106,"column":16},"end":{"line":106,"column":32}},"45":{"start":{"line":107,"column":4},"end":{"line":107,"column":22}},"46":{"start":{"line":111,"column":4},"end":{"line":114,"column":48}},"47":{"start":{"line":118,"column":4},"end":{"line":118,"column":37}},"48":{"start":{"line":122,"column":18},"end":{"line":143,"column":6}},"49":{"start":{"line":145,"column":23},"end":{"line":149,"column":6}},"50":{"start":{"line":151,"column":4},"end":{"line":159,"column":6}},"51":{"start":{"line":5,"column":0},"end":{"line":5,"column":13}}},"fnMap":{"0":{"name":"(anonymous_1)","decl":{"start":{"line":6,"column":2},"end":{"line":6,"column":8}},"loc":{"start":{"line":11,"column":38},"end":{"line":88,"column":3}}},"1":{"name":"(anonymous_2)","decl":{"start":{"line":90,"column":2},"end":{"line":90,"column":8}},"loc":{"start":{"line":90,"column":64},"end":{"line":99,"column":3}}},"2":{"name":"(anonymous_3)","decl":{"start":{"line":101,"column":2},"end":{"line":101,"column":8}},"loc":{"start":{"line":101,"column":36},"end":{"line":103,"column":3}}},"3":{"name":"(anonymous_4)","decl":{"start":{"line":105,"column":2},"end":{"line":105,"column":8}},"loc":{"start":{"line":105,"column":37},"end":{"line":108,"column":3}}},"4":{"name":"(anonymous_5)","decl":{"start":{"line":110,"column":2},"end":{"line":110,"column":8}},"loc":{"start":{"line":110,"column":52},"end":{"line":115,"column":3}}},"5":{"name":"(anonymous_6)","decl":{"start":{"line":117,"column":2},"end":{"line":117,"column":8}},"loc":{"start":{"line":117,"column":35},"end":{"line":119,"column":3}}},"6":{"name":"(anonymous_7)","decl":{"start":{"line":121,"column":2},"end":{"line":121,"column":8}},"loc":{"start":{"line":121,"column":26},"end":{"line":160,"column":3}}}},"branchMap":{"0":{"loc":{"start":{"line":8,"column":4},"end":{"line":8,"column":20}},"type":"default-arg","locations":[{"start":{"line":8,"column":19},"end":{"line":8,"column":20}}]},"1":{"loc":{"start":{"line":9,"column":4},"end":{"line":9,"column":22}},"type":"default-arg","locations":[{"start":{"line":9,"column":20},"end":{"line":9,"column":22}}]},"2":{"loc":{"start":{"line":10,"column":4},"end":{"line":10,"column":32}},"type":"default-arg","locations":[{"start":{"line":10,"column":21},"end":{"line":10,"column":32}}]},"3":{"loc":{"start":{"line":11,"column":4},"end":{"line":11,"column":38}},"type":"default-arg","locations":[{"start":{"line":11,"column":32},"end":{"line":11,"column":38}}]},"4":{"loc":{"start":{"line":16,"column":4},"end":{"line":18,"column":5}},"type":"if","locations":[{"start":{"line":16,"column":4},"end":{"line":18,"column":5}}]},"5":{"loc":{"start":{"line":20,"column":4},"end":{"line":22,"column":5}},"type":"if","locations":[{"start":{"line":20,"column":4},"end":{"line":22,"column":5}}]},"6":{"loc":{"start":{"line":24,"column":4},"end":{"line":28,"column":5}},"type":"if","locations":[{"start":{"line":24,"column":4},"end":{"line":28,"column":5}}]},"7":{"loc":{"start":{"line":24,"column":8},"end":{"line":24,"column":72}},"type":"binary-expr","locations":[{"start":{"line":24,"column":8},"end":{"line":24,"column":38}},{"start":{"line":24,"column":42},"end":{"line":24,"column":72}}]},"8":{"loc":{"start":{"line":26,"column":6},"end":{"line":26,"column":78}},"type":"if","locations":[{"start":{"line":26,"column":6},"end":{"line":26,"column":78}}]},"9":{"loc":{"start":{"line":27,"column":6},"end":{"line":27,"column":78}},"type":"if","locations":[{"start":{"line":27,"column":6},"end":{"line":27,"column":78}}]},"10":{"loc":{"start":{"line":30,"column":4},"end":{"line":34,"column":5}},"type":"if","locations":[{"start":{"line":30,"column":4},"end":{"line":34,"column":5}}]},"11":{"loc":{"start":{"line":30,"column":8},"end":{"line":30,"column":70}},"type":"binary-expr","locations":[{"start":{"line":30,"column":8},"end":{"line":30,"column":37}},{"start":{"line":30,"column":41},"end":{"line":30,"column":70}}]},"12":{"loc":{"start":{"line":32,"column":6},"end":{"line":32,"column":75}},"type":"if","locations":[{"start":{"line":32,"column":6},"end":{"line":32,"column":75}}]},"13":{"loc":{"start":{"line":33,"column":6},"end":{"line":33,"column":75}},"type":"if","locations":[{"start":{"line":33,"column":6},"end":{"line":33,"column":75}}]},"14":{"loc":{"start":{"line":36,"column":4},"end":{"line":40,"column":5}},"type":"if","locations":[{"start":{"line":36,"column":4},"end":{"line":40,"column":5}}]},"15":{"loc":{"start":{"line":36,"column":8},"end":{"line":36,"column":76}},"type":"binary-expr","locations":[{"start":{"line":36,"column":8},"end":{"line":36,"column":40}},{"start":{"line":36,"column":44},"end":{"line":36,"column":76}}]},"16":{"loc":{"start":{"line":38,"column":6},"end":{"line":38,"column":84}},"type":"if","locations":[{"start":{"line":38,"column":6},"end":{"line":38,"column":84}}]},"17":{"loc":{"start":{"line":39,"column":6},"end":{"line":39,"column":84}},"type":"if","locations":[{"start":{"line":39,"column":6},"end":{"line":39,"column":84}}]},"18":{"loc":{"start":{"line":42,"column":4},"end":{"line":44,"column":5}},"type":"if","locations":[{"start":{"line":42,"column":4},"end":{"line":44,"column":5}}]},"19":{"loc":{"start":{"line":46,"column":4},"end":{"line":48,"column":5}},"type":"if","locations":[{"start":{"line":46,"column":4},"end":{"line":48,"column":5}}]},"20":{"loc":{"start":{"line":50,"column":4},"end":{"line":52,"column":5}},"type":"if","locations":[{"start":{"line":50,"column":4},"end":{"line":52,"column":5}}]},"21":{"loc":{"start":{"line":54,"column":4},"end":{"line":56,"column":5}},"type":"if","locations":[{"start":{"line":54,"column":4},"end":{"line":56,"column":5}}]},"22":{"loc":{"start":{"line":58,"column":4},"end":{"line":60,"column":5}},"type":"if","locations":[{"start":{"line":58,"column":4},"end":{"line":60,"column":5}}]},"23":{"loc":{"start":{"line":62,"column":4},"end":{"line":64,"column":5}},"type":"if","locations":[{"start":{"line":62,"column":4},"end":{"line":64,"column":5}}]},"24":{"loc":{"start":{"line":68,"column":26},"end":{"line":68,"column":54}},"type":"cond-expr","locations":[{"start":{"line":68,"column":48},"end":{"line":68,"column":49}},{"start":{"line":68,"column":52},"end":{"line":68,"column":54}}]},"25":{"loc":{"start":{"line":90,"column":46},"end":{"line":90,"column":64}},"type":"default-arg","locations":[{"start":{"line":90,"column":62},"end":{"line":90,"column":64}}]},"26":{"loc":{"start":{"line":152,"column":16},"end":{"line":157,"column":null}},"type":"binary-expr","locations":[{"start":{"line":152,"column":16},"end":{"line":152,"column":24}},{"start":{"line":152,"column":28},"end":{"line":157,"column":null}}]}},"s":{"0":4,"1":4,"2":4,"3":1,"4":4,"5":0,"6":4,"7":1,"8":1,"9":1,"10":1,"11":1,"12":4,"13":0,"14":0,"15":0,"16":0,"17":0,"18":4,"19":0,"20":0,"21":0,"22":0,"23":0,"24":4,"25":0,"26":4,"27":0,"28":4,"29":0,"30":4,"31":0,"32":4,"33":1,"34":4,"35":0,"36":4,"37":4,"38":4,"39":4,"40":4,"41":4,"42":1,"43":2,"44":1,"45":1,"46":2,"47":1,"48":1,"49":1,"50":1,"51":4},"f":{"0":4,"1":1,"2":2,"3":1,"4":2,"5":1,"6":1},"b":{"0":[0],"1":[0],"2":[0],"3":[0],"4":[1],"5":[0],"6":[1],"7":[4,3],"8":[1],"9":[1],"10":[0],"11":[4,4],"12":[0],"13":[0],"14":[0],"15":[4,4],"16":[0],"17":[0],"18":[0],"19":[0],"20":[0],"21":[0],"22":[1],"23":[0],"24":[0,4],"25":[0],"26":[1,0]}}
,"/Users/decagon/Desktop/untitled folder 2/car-dealership-api/src/tests/testUtils/authTestUtils.ts": {"path":"/Users/decagon/Desktop/untitled folder 2/car-dealership-api/src/tests/testUtils/authTestUtils.ts","statementMap":{"0":{"start":{"line":1,"column":0},"end":{"line":1,"column":31}},"1":{"start":{"line":2,"column":0},"end":{"line":2,"column":39}},"2":{"start":{"line":3,"column":0},"end":{"line":3,"column":45}},"3":{"start":{"line":4,"column":0},"end":{"line":4,"column":47}},"4":{"start":{"line":6,"column":30},"end":{"line":53,"column":1}},"5":{"start":{"line":7,"column":22},"end":{"line":15,"column":4}},"6":{"start":{"line":17,"column":15},"end":{"line":17,"column":36}},"7":{"start":{"line":18,"column":2},"end":{"line":18,"column":20}},"8":{"start":{"line":20,"column":20},"end":{"line":20,"column":49}},"9":{"start":{"line":21,"column":2},"end":{"line":23,"column":3}},"10":{"start":{"line":22,"column":4},"end":{"line":22,"column":51}},"11":{"start":{"line":25,"column":2},"end":{"line":50,"column":3}},"12":{"start":{"line":26,"column":21},"end":{"line":38,"column":6}},"13":{"start":{"line":39,"column":4},"end":{"line":39,"column":26}},"14":{"start":{"line":40,"column":9},"end":{"line":50,"column":3}},"15":{"start":{"line":41,"column":20},"end":{"line":48,"column":6}},"16":{"start":{"line":49,"column":4},"end":{"line":49,"column":25}},"17":{"start":{"line":52,"column":2},"end":{"line":52,"column":19}},"18":{"start":{"line":6,"column":13},"end":{"line":6,"column":30}},"19":{"start":{"line":55,"column":33},"end":{"line":59,"column":1}},"20":{"start":{"line":56,"column":2},"end":{"line":58,"column":5}},"21":{"start":{"line":55,"column":13},"end":{"line":55,"column":33}},"22":{"start":{"line":61,"column":34},"end":{"line":66,"column":1}},"23":{"start":{"line":62,"column":15},"end":{"line":62,"column":64}},"24":{"start":{"line":63,"column":16},"end":{"line":63,"column":54}},"25":{"start":{"line":64,"column":19},"end":{"line":64,"column":61}},"26":{"start":{"line":65,"column":2},"end":{"line":65,"column":35}},"27":{"start":{"line":61,"column":13},"end":{"line":61,"column":34}},"28":{"start":{"line":68,"column":33},"end":{"line":73,"column":1}},"29":{"start":{"line":69,"column":15},"end":{"line":69,"column":63}},"30":{"start":{"line":70,"column":16},"end":{"line":70,"column":54}},"31":{"start":{"line":71,"column":18},"end":{"line":71,"column":59}},"32":{"start":{"line":72,"column":2},"end":{"line":72,"column":34}},"33":{"start":{"line":68,"column":13},"end":{"line":68,"column":33}},"34":{"start":{"line":75,"column":31},"end":{"line":79,"column":1}},"35":{"start":{"line":76,"column":15},"end":{"line":76,"column":61}},"36":{"start":{"line":77,"column":16},"end":{"line":77,"column":54}},"37":{"start":{"line":78,"column":2},"end":{"line":78,"column":25}},"38":{"start":{"line":75,"column":13},"end":{"line":75,"column":31}}},"fnMap":{"0":{"name":"(anonymous_1)","decl":{"start":{"line":6,"column":30},"end":{"line":6,"column":35}},"loc":{"start":{"line":6,"column":59},"end":{"line":53,"column":1}}},"1":{"name":"(anonymous_2)","decl":{"start":{"line":55,"column":33},"end":{"line":55,"column":34}},"loc":{"start":{"line":55,"column":52},"end":{"line":59,"column":1}}},"2":{"name":"(anonymous_3)","decl":{"start":{"line":61,"column":34},"end":{"line":61,"column":39}},"loc":{"start":{"line":61,"column":72},"end":{"line":66,"column":1}}},"3":{"name":"(anonymous_4)","decl":{"start":{"line":68,"column":33},"end":{"line":68,"column":38}},"loc":{"start":{"line":68,"column":70},"end":{"line":73,"column":1}}},"4":{"name":"(anonymous_5)","decl":{"start":{"line":75,"column":31},"end":{"line":75,"column":36}},"loc":{"start":{"line":75,"column":66},"end":{"line":79,"column":1}}}},"branchMap":{"0":{"loc":{"start":{"line":6,"column":37},"end":{"line":6,"column":55}},"type":"default-arg","locations":[{"start":{"line":6,"column":53},"end":{"line":6,"column":55}}]},"1":{"loc":{"start":{"line":21,"column":2},"end":{"line":23,"column":3}},"type":"if","locations":[{"start":{"line":21,"column":2},"end":{"line":23,"column":3}}]},"2":{"loc":{"start":{"line":25,"column":2},"end":{"line":50,"column":3}},"type":"if","locations":[{"start":{"line":25,"column":2},"end":{"line":50,"column":3}},{"start":{"line":40,"column":9},"end":{"line":50,"column":3}}]},"3":{"loc":{"start":{"line":40,"column":9},"end":{"line":50,"column":3}},"type":"if","locations":[{"start":{"line":40,"column":9},"end":{"line":50,"column":3}}]},"4":{"loc":{"start":{"line":61,"column":41},"end":{"line":61,"column":68}},"type":"default-arg","locations":[{"start":{"line":61,"column":49},"end":{"line":61,"column":68}}]},"5":{"loc":{"start":{"line":68,"column":40},"end":{"line":68,"column":66}},"type":"default-arg","locations":[{"start":{"line":68,"column":48},"end":{"line":68,"column":66}}]},"6":{"loc":{"start":{"line":75,"column":38},"end":{"line":75,"column":62}},"type":"default-arg","locations":[{"start":{"line":75,"column":46},"end":{"line":75,"column":62}}]}},"s":{"0":4,"1":4,"2":4,"3":4,"4":4,"5":37,"6":37,"7":37,"8":37,"9":37,"10":0,"11":37,"12":11,"13":11,"14":26,"15":21,"16":21,"17":37,"18":4,"19":4,"20":33,"21":4,"22":4,"23":6,"24":6,"25":6,"26":6,"27":4,"28":4,"29":21,"30":21,"31":21,"32":21,"33":4,"34":4,"35":5,"36":5,"37":5,"38":4},"f":{"0":37,"1":33,"2":6,"3":21,"4":5},"b":{"0":[0],"1":[0],"2":[11,26],"3":[21],"4":[0],"5":[0],"6":[5]}}
}
