TN:
SF:src/app.ts
FN:33,(anonymous_1)
FNF:1
FNH:0
FNDA:0,(anonymous_1)
DA:1,4
DA:2,4
DA:3,4
DA:4,4
DA:6,4
DA:7,4
DA:8,4
DA:9,4
DA:10,4
DA:11,4
DA:13,4
DA:15,4
DA:16,4
DA:17,4
DA:24,4
DA:25,4
DA:27,4
DA:28,4
DA:29,4
DA:30,4
DA:31,4
DA:33,4
DA:34,0
DA:37,4
DA:39,4
LF:25
LH:24
BRF:0
BRH:0
end_of_record
TN:
SF:src/testServer.ts
FN:7,(anonymous_1)
FN:10,(anonymous_2)
FN:15,(anonymous_3)
FN:23,(anonymous_4)
FN:26,(anonymous_5)
FN:40,(anonymous_6)
FN:43,(anonymous_7)
FN:44,(anonymous_8)
FNF:8
FNH:6
FNDA:4,(anonymous_1)
FNDA:4,(anonymous_2)
FNDA:4,(anonymous_3)
FNDA:0,(anonymous_4)
FNDA:0,(anonymous_5)
FNDA:4,(anonymous_6)
FNDA:4,(anonymous_7)
FNDA:4,(anonymous_8)
DA:2,4
DA:3,4
DA:5,4
DA:7,4
DA:10,4
DA:11,4
DA:12,0
DA:15,4
DA:16,4
DA:18,4
DA:19,4
DA:20,4
DA:23,4
DA:24,0
DA:25,0
DA:26,0
DA:27,0
DA:29,0
DA:30,0
DA:31,0
DA:34,0
DA:40,4
DA:42,4
DA:43,4
DA:44,4
DA:45,4
DA:46,0
DA:48,4
DA:49,4
DA:50,4
DA:56,4
DA:57,4
DA:58,4
DA:59,4
DA:62,0
LF:35
LH:24
BRDA:8,0,0,4
BRDA:11,1,0,0
BRDA:18,2,0,4
BRDA:18,2,1,0
BRDA:18,3,0,4
BRDA:18,3,1,4
BRDA:24,4,0,0
BRDA:24,4,1,0
BRDA:29,5,0,0
BRDA:29,5,1,0
BRDA:29,6,0,0
BRDA:29,6,1,0
BRDA:42,7,0,4
BRDA:45,8,0,0
BRDA:57,9,0,4
BRF:15
BRH:6
end_of_record
TN:
SF:src/controllers/authController.ts
FN:10,(anonymous_1)
FN:85,(anonymous_2)
FN:124,(anonymous_3)
FN:149,(anonymous_4)
FN:223,(anonymous_5)
FNF:5
FNH:3
FNDA:3,(anonymous_1)
FNDA:3,(anonymous_2)
FNDA:3,(anonymous_3)
FNDA:0,(anonymous_4)
FNDA:0,(anonymous_5)
DA:2,4
DA:3,4
DA:4,4
DA:5,4
DA:6,4
DA:9,4
DA:11,3
DA:19,3
DA:21,3
DA:22,3
DA:23,1
DA:26,2
DA:35,2
DA:37,2
DA:38,1
DA:51,1
DA:52,1
DA:53,1
DA:61,1
DA:64,2
DA:68,2
DA:81,1
DA:86,3
DA:87,3
DA:89,3
DA:90,0
DA:93,3
DA:94,3
DA:95,1
DA:98,2
DA:99,2
DA:100,1
DA:103,1
DA:107,1
DA:120,2
DA:125,3
DA:126,3
DA:128,3
DA:129,2
DA:132,1
DA:133,1
DA:139,3
DA:145,0
DA:154,0
DA:165,0
DA:167,0
DA:168,0
DA:169,0
DA:170,0
DA:172,0
DA:173,0
DA:174,0
DA:181,0
DA:182,0
DA:183,0
DA:184,0
DA:185,0
DA:186,0
DA:187,0
DA:188,0
DA:190,0
DA:191,0
DA:197,0
DA:198,0
DA:199,0
DA:200,0
DA:201,0
DA:202,0
DA:204,0
DA:205,0
DA:213,0
DA:219,0
DA:224,0
DA:225,0
DA:227,0
DA:228,0
DA:231,0
DA:232,0
DA:233,0
DA:236,0
DA:238,0
DA:239,0
DA:240,0
DA:241,0
DA:243,0
DA:246,0
DA:247,0
DA:248,0
DA:251,0
DA:252,0
DA:253,0
DA:256,0
DA:259,0
DA:260,0
DA:273,0
DA:279,0
DA:280,0
DA:284,0
DA:285,0
DA:290,0
DA:302,0
DA:303,0
DA:304,0
DA:307,0
DA:309,0
LF:105
LH:41
BRDA:18,0,0,2
BRDA:22,1,0,1
BRDA:37,2,0,1
BRDA:37,2,1,1
BRDA:52,3,0,1
BRDA:89,4,0,0
BRDA:89,5,0,3
BRDA:89,5,1,3
BRDA:94,6,0,1
BRDA:99,7,0,1
BRDA:128,8,0,2
BRDA:128,8,1,1
BRDA:132,9,0,1
BRDA:142,10,0,3
BRDA:142,10,1,0
BRDA:168,11,0,0
BRDA:169,12,0,0
BRDA:170,13,0,0
BRDA:173,14,0,0
BRDA:182,15,0,0
BRDA:182,15,1,0
BRDA:184,16,0,0
BRDA:185,17,0,0
BRDA:187,18,0,0
BRDA:190,19,0,0
BRDA:197,20,0,0
BRDA:199,21,0,0
BRDA:200,22,0,0
BRDA:201,23,0,0
BRDA:204,24,0,0
BRDA:216,25,0,0
BRDA:216,25,1,0
BRDA:216,25,2,0
BRDA:227,26,0,0
BRDA:232,27,0,0
BRDA:238,28,0,0
BRDA:238,29,0,0
BRDA:238,29,1,0
BRDA:240,30,0,0
BRDA:246,31,0,0
BRDA:247,32,0,0
BRDA:252,33,0,0
BRDA:259,34,0,0
BRDA:279,35,0,0
BRDA:284,36,0,0
BRDA:302,37,0,0
BRF:46
BRH:13
end_of_record
TN:
SF:src/controllers/carController.ts
FN:6,(anonymous_0)
FN:69,(anonymous_1)
FN:87,(anonymous_2)
FN:101,(anonymous_3)
FN:119,(anonymous_4)
FN:136,(anonymous_5)
FNF:6
FNH:6
FNDA:5,(anonymous_0)
FNDA:2,(anonymous_1)
FNDA:1,(anonymous_2)
FNDA:2,(anonymous_3)
FNDA:1,(anonymous_4)
FNDA:1,(anonymous_5)
DA:2,4
DA:4,4
DA:6,4
DA:7,5
DA:15,5
DA:17,5
DA:18,5
DA:20,5
DA:21,1
DA:22,1
DA:28,1
DA:31,4
DA:33,4
DA:34,4
DA:35,4
DA:36,4
DA:37,4
DA:38,4
DA:39,4
DA:40,4
DA:41,4
DA:42,4
DA:43,4
DA:44,4
DA:45,4
DA:46,4
DA:47,1
DA:50,4
DA:58,4
DA:65,0
DA:69,4
DA:70,2
DA:71,2
DA:73,2
DA:74,1
DA:77,1
DA:83,1
DA:87,4
DA:88,1
DA:89,1
DA:91,1
DA:97,0
DA:101,4
DA:102,2
DA:103,2
DA:105,2
DA:106,1
DA:109,1
DA:115,1
DA:119,4
DA:120,1
DA:121,1
DA:123,1
DA:124,0
DA:127,1
DA:132,0
DA:136,4
DA:137,1
DA:138,1
DA:140,1
DA:146,0
LF:61
LH:56
BRDA:9,0,0,5
BRDA:10,1,0,5
BRDA:11,2,0,5
BRDA:12,3,0,5
BRDA:20,4,0,1
BRDA:33,5,0,1
BRDA:34,6,0,0
BRDA:35,7,0,1
BRDA:36,8,0,1
BRDA:37,9,0,0
BRDA:38,10,0,0
BRDA:39,11,0,0
BRDA:40,12,0,0
BRDA:41,13,0,0
BRDA:42,14,0,0
BRDA:43,15,0,0
BRDA:44,16,0,0
BRDA:45,17,0,0
BRDA:46,18,0,1
BRDA:73,19,0,1
BRDA:105,20,0,1
BRDA:123,21,0,0
BRF:22
BRH:11
end_of_record
TN:
SF:src/controllers/categoryController.ts
FN:7,(anonymous_1)
FN:21,(anonymous_2)
FN:47,(anonymous_3)
FN:62,(anonymous_4)
FN:84,(anonymous_5)
FNF:5
FNH:0
FNDA:0,(anonymous_1)
FNDA:0,(anonymous_2)
FNDA:0,(anonymous_3)
FNDA:0,(anonymous_4)
FNDA:0,(anonymous_5)
DA:2,4
DA:3,4
DA:4,4
DA:6,4
DA:8,0
DA:9,0
DA:11,0
DA:17,0
DA:22,0
DA:23,0
DA:25,0
DA:26,0
DA:29,0
DA:33,0
DA:43,0
DA:48,0
DA:49,0
DA:50,0
DA:52,0
DA:58,0
DA:63,0
DA:64,0
DA:70,0
DA:71,0
DA:74,0
DA:80,0
DA:85,0
DA:86,0
DA:88,0
DA:89,0
DA:92,0
DA:94,0
DA:95,0
DA:98,0
DA:103,0
LF:35
LH:4
BRDA:25,0,0,0
BRDA:70,1,0,0
BRDA:88,2,0,0
BRDA:94,3,0,0
BRF:4
BRH:0
end_of_record
TN:
SF:src/controllers/customerController.ts
FN:7,(anonymous_1)
FN:62,(anonymous_2)
FN:83,(anonymous_3)
FN:108,(anonymous_4)
FN:130,(anonymous_5)
FN:155,(anonymous_6)
FNF:6
FNH:3
FNDA:1,(anonymous_1)
FNDA:0,(anonymous_2)
FNDA:0,(anonymous_3)
FNDA:0,(anonymous_4)
FNDA:1,(anonymous_5)
FNDA:1,(anonymous_6)
DA:2,4
DA:3,4
DA:4,4
DA:6,4
DA:8,1
DA:16,1
DA:18,1
DA:19,1
DA:20,1
DA:22,1
DA:23,1
DA:24,0
DA:26,1
DA:27,0
DA:30,1
DA:31,1
DA:33,1
DA:44,1
DA:51,1
DA:58,0
DA:63,0
DA:64,0
DA:69,0
DA:70,0
DA:73,0
DA:79,0
DA:84,0
DA:85,0
DA:87,0
DA:94,0
DA:95,0
DA:98,0
DA:104,0
DA:109,0
DA:110,0
DA:112,0
DA:113,0
DA:116,0
DA:121,0
DA:126,0
DA:131,1
DA:132,1
DA:134,1
DA:141,1
DA:142,0
DA:145,1
DA:151,0
DA:156,1
DA:157,1
DA:176,1
DA:187,1
DA:196,0
LF:52
LH:26
BRDA:10,0,0,1
BRDA:11,1,0,1
BRDA:14,2,0,1
BRDA:15,3,0,1
BRDA:23,4,0,0
BRDA:26,5,0,0
BRDA:31,6,0,0
BRDA:31,6,1,1
BRDA:69,7,0,0
BRDA:94,8,0,0
BRDA:112,9,0,0
BRDA:141,10,0,0
BRDA:191,11,0,1
BRDA:191,11,1,0
BRF:14
BRH:6
end_of_record
TN:
SF:src/controllers/managerController.ts
FN:7,(anonymous_1)
FN:57,(anonymous_2)
FN:77,(anonymous_3)
FN:136,(anonymous_4)
FN:160,(anonymous_5)
FN:182,(anonymous_6)
FNF:6
FNH:3
FNDA:2,(anonymous_1)
FNDA:0,(anonymous_2)
FNDA:3,(anonymous_3)
FNDA:0,(anonymous_4)
FNDA:1,(anonymous_5)
FNDA:0,(anonymous_6)
DA:2,4
DA:3,4
DA:4,4
DA:6,4
DA:8,2
DA:15,2
DA:17,2
DA:18,2
DA:19,2
DA:21,2
DA:22,2
DA:23,1
DA:26,2
DA:27,2
DA:29,2
DA:39,2
DA:46,2
DA:53,0
DA:58,0
DA:59,0
DA:63,0
DA:64,0
DA:67,0
DA:73,0
DA:78,3
DA:89,3
DA:91,3
DA:92,3
DA:93,0
DA:96,3
DA:97,3
DA:98,1
DA:101,2
DA:110,2
DA:112,2
DA:121,2
DA:123,2
DA:126,2
DA:132,1
DA:137,0
DA:138,0
DA:140,0
DA:146,0
DA:147,0
DA:150,0
DA:156,0
DA:161,1
DA:162,1
DA:164,1
DA:165,0
DA:168,1
DA:173,1
DA:178,0
DA:183,0
DA:184,0
DA:203,0
DA:208,0
DA:217,0
LF:58
LH:36
BRDA:10,0,0,2
BRDA:11,1,0,2
BRDA:13,2,0,2
BRDA:14,3,0,2
BRDA:22,4,0,1
BRDA:27,5,0,0
BRDA:27,5,1,2
BRDA:63,6,0,0
BRDA:88,7,0,3
BRDA:92,8,0,0
BRDA:97,9,0,1
BRDA:146,10,0,0
BRDA:164,11,0,0
BRDA:212,12,0,0
BRDA:212,12,1,0
BRF:15
BRH:8
end_of_record
TN:
SF:src/middleware/auth.ts
FN:10,(anonymous_1)
FN:50,(anonymous_2)
FN:51,(anonymous_3)
FNF:3
FNH:3
FNDA:20,(anonymous_1)
FNDA:72,(anonymous_2)
FNDA:14,(anonymous_3)
DA:2,4
DA:3,4
DA:10,4
DA:15,20
DA:16,20
DA:18,20
DA:20,20
DA:21,2
DA:25,2
DA:28,18
DA:30,17
DA:32,17
DA:33,0
DA:37,0
DA:40,17
DA:41,17
DA:43,1
DA:50,4
DA:51,72
DA:52,14
DA:53,0
DA:57,0
DA:60,14
DA:61,0
DA:65,0
DA:68,14
LF:26
LH:20
BRDA:20,0,0,2
BRDA:32,1,0,0
BRDA:52,2,0,0
BRDA:60,3,0,0
BRF:4
BRH:1
end_of_record
TN:
SF:src/middleware/errorHandler.ts
FN:8,(anonymous_0)
FN:45,(anonymous_1)
FNF:2
FNH:2
FNDA:6,(anonymous_0)
FNDA:6,(anonymous_1)
DA:8,4
DA:14,6
DA:15,6
DA:17,6
DA:18,0
DA:22,6
DA:23,0
DA:24,0
DA:28,6
DA:29,0
DA:30,0
DA:34,6
DA:35,0
DA:36,0
DA:39,6
DA:45,4
DA:46,6
DA:47,6
DA:48,6
DA:49,6
LF:20
LH:13
BRDA:17,0,0,0
BRDA:17,1,0,6
BRDA:17,1,1,6
BRDA:22,2,0,0
BRDA:28,3,0,0
BRDA:28,4,0,6
BRDA:28,4,1,0
BRDA:34,5,0,0
BRDA:39,6,0,6
BRDA:39,6,1,0
BRDA:41,7,0,6
BRDA:41,7,1,0
BRF:12
BRH:5
end_of_record
TN:
SF:src/middleware/validation.ts
FN:111,(anonymous_1)
FN:140,(anonymous_2)
FN:148,(anonymous_3)
FN:159,(anonymous_4)
FN:167,(anonymous_5)
FN:178,(anonymous_6)
FN:186,(anonymous_7)
FN:197,(anonymous_8)
FN:205,(anonymous_9)
FN:216,(anonymous_10)
FN:224,(anonymous_11)
FN:235,(anonymous_12)
FN:243,(anonymous_13)
FN:254,(anonymous_14)
FNF:14
FNH:4
FNDA:0,(anonymous_1)
FNDA:0,(anonymous_2)
FNDA:0,(anonymous_3)
FNDA:0,(anonymous_4)
FNDA:2,(anonymous_5)
FNDA:1,(anonymous_6)
FNDA:2,(anonymous_7)
FNDA:0,(anonymous_8)
FNDA:3,(anonymous_9)
FNDA:0,(anonymous_10)
FNDA:0,(anonymous_11)
FNDA:0,(anonymous_12)
FNDA:0,(anonymous_13)
FNDA:0,(anonymous_14)
DA:1,4
DA:4,4
DA:28,4
DA:52,4
DA:63,4
DA:73,4
DA:85,4
DA:91,4
DA:101,4
DA:106,4
DA:111,4
DA:116,0
DA:120,0
DA:122,0
DA:123,0
DA:125,0
DA:126,0
DA:128,0
DA:129,0
DA:131,0
DA:134,0
DA:136,0
DA:137,0
DA:140,0
DA:142,0
DA:145,0
DA:148,4
DA:153,0
DA:155,0
DA:156,0
DA:159,0
DA:161,0
DA:164,0
DA:167,4
DA:172,2
DA:174,2
DA:175,1
DA:178,1
DA:180,1
DA:183,1
DA:186,4
DA:191,2
DA:193,2
DA:194,0
DA:197,0
DA:199,0
DA:202,2
DA:205,4
DA:210,3
DA:212,3
DA:213,0
DA:216,0
DA:218,0
DA:221,3
DA:224,4
DA:229,0
DA:231,0
DA:232,0
DA:235,0
DA:237,0
DA:240,0
DA:243,4
DA:248,0
DA:250,0
DA:251,0
DA:254,0
DA:256,0
DA:259,0
LF:68
LH:29
BRDA:120,0,0,0
BRDA:120,0,1,0
BRDA:120,0,2,0
BRDA:120,0,3,0
BRDA:136,1,0,0
BRDA:155,2,0,0
BRDA:174,3,0,1
BRDA:193,4,0,0
BRDA:212,5,0,0
BRDA:231,6,0,0
BRDA:250,7,0,0
BRF:11
BRH:1
end_of_record
TN:
SF:src/models/Car.model.ts
FNF:0
FNH:0
DA:1,4
DA:4,4
DA:91,4
DA:92,4
DA:93,4
DA:94,4
DA:95,4
DA:97,4
DA:104,4
DA:105,4
LF:10
LH:10
BRF:0
BRH:0
end_of_record
TN:
SF:src/models/Category.model.ts
FNF:0
FNH:0
DA:1,4
DA:4,4
DA:21,4
DA:22,4
LF:4
LH:4
BRF:0
BRH:0
end_of_record
TN:
SF:src/models/Customer.model.ts
FNF:0
FNH:0
DA:1,4
DA:4,4
DA:38,4
DA:40,4
DA:44,4
LF:5
LH:5
BRF:0
BRH:0
end_of_record
TN:
SF:src/models/Manager.model.ts
FNF:0
FNH:0
DA:1,4
DA:4,4
DA:41,4
DA:42,4
LF:4
LH:4
BRF:0
BRH:0
end_of_record
TN:
SF:src/models/User.model.ts
FN:52,(anonymous_10)
FN:66,(anonymous_11)
FN:72,(anonymous_12)
FNF:3
FNH:3
FNDA:41,(anonymous_10)
FNDA:2,(anonymous_11)
FNDA:6,(anonymous_12)
DA:1,4
DA:2,4
DA:11,4
DA:50,4
DA:52,4
DA:53,41
DA:55,41
DA:56,41
DA:57,41
DA:58,41
DA:61,0
DA:62,0
DA:66,4
DA:69,2
DA:72,4
DA:73,6
DA:74,6
DA:75,6
DA:78,4
DA:79,4
LF:20
LH:18
BRDA:53,0,0,0
BRDA:61,1,0,0
BRDA:61,1,1,0
BRF:3
BRH:0
end_of_record
TN:
SF:src/routes/auth.routes.ts
FNF:0
FNH:0
DA:1,4
DA:2,4
DA:3,4
DA:4,4
DA:6,4
DA:8,4
DA:9,4
DA:10,4
DA:11,4
DA:12,4
DA:14,4
LF:11
LH:11
BRF:0
BRH:0
end_of_record
TN:
SF:src/routes/car.routes.ts
FNF:0
FNH:0
DA:1,4
DA:2,4
DA:10,4
DA:11,4
DA:13,4
DA:16,4
DA:17,4
DA:18,4
DA:21,4
DA:22,4
DA:23,4
DA:25,4
LF:12
LH:12
BRF:0
BRH:0
end_of_record
TN:
SF:src/routes/category.routes.ts
FNF:0
FNH:0
DA:1,4
DA:2,4
DA:3,4
DA:4,4
DA:6,4
DA:9,4
DA:10,4
DA:13,4
DA:14,4
DA:15,4
DA:17,4
LF:11
LH:11
BRF:0
BRH:0
end_of_record
TN:
SF:src/routes/customer.routes.ts
FNF:0
FNH:0
DA:1,4
DA:2,4
DA:3,4
DA:5,4
DA:8,4
DA:9,4
DA:10,4
DA:11,4
DA:12,4
DA:13,4
DA:15,4
LF:11
LH:11
BRF:0
BRH:0
end_of_record
TN:
SF:src/routes/manager.routes.ts
FNF:0
FNH:0
DA:1,4
DA:2,4
DA:3,4
DA:5,4
DA:8,4
DA:9,4
DA:10,4
DA:11,4
DA:12,4
DA:13,4
DA:15,4
LF:11
LH:11
BRF:0
BRH:0
end_of_record
TN:
SF:src/services/carService.ts
FN:6,(anonymous_1)
FN:90,(anonymous_2)
FN:101,(anonymous_3)
FN:105,(anonymous_4)
FN:110,(anonymous_5)
FN:117,(anonymous_6)
FN:121,(anonymous_7)
FNF:7
FNH:7
FNDA:4,(anonymous_1)
FNDA:1,(anonymous_2)
FNDA:2,(anonymous_3)
FNDA:1,(anonymous_4)
FNDA:2,(anonymous_5)
FNDA:1,(anonymous_6)
FNDA:1,(anonymous_7)
DA:1,4
DA:5,4
DA:14,4
DA:16,4
DA:17,1
DA:20,4
DA:21,0
DA:24,4
DA:25,1
DA:26,1
DA:27,1
DA:30,4
DA:31,0
DA:32,0
DA:33,0
DA:36,4
DA:37,0
DA:38,0
DA:39,0
DA:42,4
DA:43,0
DA:46,4
DA:47,0
DA:50,4
DA:51,0
DA:54,4
DA:55,0
DA:58,4
DA:59,1
DA:62,4
DA:63,0
DA:66,4
DA:67,4
DA:68,4
DA:70,4
DA:80,4
DA:87,4
DA:91,1
DA:102,2
DA:106,1
DA:107,1
DA:111,2
DA:118,1
DA:122,1
DA:145,1
DA:151,1
LF:46
LH:34
BRDA:8,0,0,0
BRDA:9,1,0,0
BRDA:10,2,0,0
BRDA:11,3,0,0
BRDA:16,4,0,1
BRDA:20,5,0,0
BRDA:24,6,0,1
BRDA:24,7,0,4
BRDA:24,7,1,3
BRDA:26,8,0,1
BRDA:27,9,0,1
BRDA:30,10,0,0
BRDA:30,11,0,4
BRDA:30,11,1,4
BRDA:32,12,0,0
BRDA:33,13,0,0
BRDA:36,14,0,0
BRDA:36,15,0,4
BRDA:36,15,1,4
BRDA:38,16,0,0
BRDA:39,17,0,0
BRDA:42,18,0,0
BRDA:46,19,0,0
BRDA:50,20,0,0
BRDA:54,21,0,0
BRDA:58,22,0,1
BRDA:62,23,0,0
BRDA:68,24,0,0
BRDA:68,24,1,4
BRDA:90,25,0,0
BRDA:152,26,0,1
BRDA:152,26,1,0
BRF:32
BRH:13
end_of_record
TN:
SF:src/tests/testUtils/authTestUtils.ts
FN:6,(anonymous_1)
FN:55,(anonymous_2)
FN:61,(anonymous_3)
FN:68,(anonymous_4)
FN:75,(anonymous_5)
FNF:5
FNH:5
FNDA:37,(anonymous_1)
FNDA:33,(anonymous_2)
FNDA:6,(anonymous_3)
FNDA:21,(anonymous_4)
FNDA:5,(anonymous_5)
DA:1,4
DA:2,4
DA:3,4
DA:4,4
DA:6,4
DA:7,37
DA:17,37
DA:18,37
DA:20,37
DA:21,37
DA:22,0
DA:25,37
DA:26,11
DA:39,11
DA:40,26
DA:41,21
DA:49,21
DA:52,37
DA:55,4
DA:56,33
DA:61,4
DA:62,6
DA:63,6
DA:64,6
DA:65,6
DA:68,4
DA:69,21
DA:70,21
DA:71,21
DA:72,21
DA:75,4
DA:76,5
DA:77,5
DA:78,5
LF:34
LH:33
BRDA:6,0,0,0
BRDA:21,1,0,0
BRDA:25,2,0,11
BRDA:25,2,1,26
BRDA:40,3,0,21
BRDA:61,4,0,0
BRDA:68,5,0,0
BRDA:75,6,0,5
BRF:8
BRH:4
end_of_record
